  [1m[35m (0.1ms)[0m  [1m[34mSELECT sqlite_version(*)[0m
  ↳ bin/rails:4
  [1m[35m (2.5ms)[0m  [1m[35mCREATE TABLE "schema_migrations" ("version" varchar NOT NULL PRIMARY KEY)[0m
  ↳ bin/rails:4
  [1m[35m (1.9ms)[0m  [1m[35mCREATE TABLE "ar_internal_metadata" ("key" varchar NOT NULL PRIMARY KEY, "value" varchar, "created_at" datetime NOT NULL, "updated_at" datetime NOT NULL)[0m
  ↳ bin/rails:4
  [1m[35m (0.2ms)[0m  [1m[34mSELECT "schema_migrations"."version" FROM "schema_migrations" ORDER BY "schema_migrations"."version" ASC[0m
  ↳ bin/rails:4
Migrating to CreatePlanets (20200107000543)
  [1m[35m (0.1ms)[0m  [1m[36mbegin transaction[0m
  ↳ bin/rails:4
  [1m[35m (1.6ms)[0m  [1m[35mCREATE TABLE "planets" ("id" integer PRIMARY KEY AUTOINCREMENT NOT NULL, "name" varchar, "image" text, "orbit" float, "diameter" float, "mass" float, "moons" integer)[0m
  ↳ db/migrate/20200107000543_create_planets.rb:3
  [1m[36mActiveRecord::SchemaMigration Create (0.2ms)[0m  [1m[32mINSERT INTO "schema_migrations" ("version") VALUES (?)[0m  [["version", "20200107000543"]]
  ↳ bin/rails:4
  [1m[35m (1.2ms)[0m  [1m[36mcommit transaction[0m
  ↳ bin/rails:4
  [1m[36mActiveRecord::InternalMetadata Load (0.5ms)[0m  [1m[34mSELECT  "ar_internal_metadata".* FROM "ar_internal_metadata" WHERE "ar_internal_metadata"."key" = ? LIMIT ?[0m  [["key", "environment"], ["LIMIT", 1]]
  ↳ bin/rails:4
  [1m[35m (0.1ms)[0m  [1m[36mbegin transaction[0m
  ↳ bin/rails:4
  [1m[36mActiveRecord::InternalMetadata Create (0.9ms)[0m  [1m[32mINSERT INTO "ar_internal_metadata" ("key", "value", "created_at", "updated_at") VALUES (?, ?, ?, ?)[0m  [["key", "environment"], ["value", "development"], ["created_at", "2020-01-07 00:16:48.715640"], ["updated_at", "2020-01-07 00:16:48.715640"]]
  ↳ bin/rails:4
  [1m[35m (3.8ms)[0m  [1m[36mcommit transaction[0m
  ↳ bin/rails:4
  [1m[35m (0.2ms)[0m  [1m[34mSELECT "schema_migrations"."version" FROM "schema_migrations" ORDER BY "schema_migrations"."version" ASC[0m
  ↳ bin/rails:4
  [1m[35m (0.7ms)[0m  [1m[34mSELECT "schema_migrations"."version" FROM "schema_migrations" ORDER BY "schema_migrations"."version" ASC[0m
  ↳ bin/rails:4
  [1m[35m (0.1ms)[0m  [1m[34mSELECT "schema_migrations"."version" FROM "schema_migrations" ORDER BY "schema_migrations"."version" ASC[0m
  ↳ bin/rails:4
  [1m[35m (0.1ms)[0m  [1m[34mSELECT "schema_migrations"."version" FROM "schema_migrations" ORDER BY "schema_migrations"."version" ASC[0m
  ↳ bin/rails:4
  [1m[35m (0.1ms)[0m  [1m[34mSELECT "schema_migrations"."version" FROM "schema_migrations" ORDER BY "schema_migrations"."version" ASC[0m
  ↳ bin/rails:4
Migrating to CreatePlanets (20200107000543)
  [1m[35m (0.1ms)[0m  [1m[36mbegin transaction[0m
  ↳ bin/rails:4
  [1m[35m (1.8ms)[0m  [1m[35mDROP TABLE "planets"[0m
  ↳ bin/rails:4
  [1m[36mActiveRecord::SchemaMigration Destroy (0.7ms)[0m  [1m[31mDELETE FROM "schema_migrations" WHERE "schema_migrations"."version" = ?[0m  [["version", "20200107000543"]]
  ↳ bin/rails:4
  [1m[35m (1.4ms)[0m  [1m[36mcommit transaction[0m
  ↳ bin/rails:4
  [1m[35m (0.1ms)[0m  [1m[34mSELECT "schema_migrations"."version" FROM "schema_migrations" ORDER BY "schema_migrations"."version" ASC[0m
  ↳ bin/rails:4
  [1m[35m (0.1ms)[0m  [1m[34mSELECT "schema_migrations"."version" FROM "schema_migrations" ORDER BY "schema_migrations"."version" ASC[0m
  ↳ bin/rails:4
Migrating to CreatePlanets (20200107000543)
  [1m[35m (0.0ms)[0m  [1m[36mbegin transaction[0m
  ↳ bin/rails:4
  [1m[35m (0.2ms)[0m  [1m[34mSELECT sqlite_version(*)[0m
  ↳ db/migrate/20200107000543_create_planets.rb:3
  [1m[35m (1.0ms)[0m  [1m[35mCREATE TABLE "planets" ("id" integer PRIMARY KEY AUTOINCREMENT NOT NULL, "name" varchar, "image" text, "orbit" float, "diameter" float, "mass" float, "moons" integer)[0m
  ↳ db/migrate/20200107000543_create_planets.rb:3
  [1m[36mActiveRecord::SchemaMigration Create (0.3ms)[0m  [1m[32mINSERT INTO "schema_migrations" ("version") VALUES (?)[0m  [["version", "20200107000543"]]
  ↳ bin/rails:4
  [1m[35m (8.5ms)[0m  [1m[36mcommit transaction[0m
  ↳ bin/rails:4
  [1m[36mActiveRecord::InternalMetadata Load (0.6ms)[0m  [1m[34mSELECT  "ar_internal_metadata".* FROM "ar_internal_metadata" WHERE "ar_internal_metadata"."key" = ? LIMIT ?[0m  [["key", "environment"], ["LIMIT", 1]]
  ↳ bin/rails:4
  [1m[35m (0.2ms)[0m  [1m[36mbegin transaction[0m
  ↳ bin/rails:4
  [1m[35m (0.1ms)[0m  [1m[36mcommit transaction[0m
  ↳ bin/rails:4
  [1m[35m (0.2ms)[0m  [1m[34mSELECT "schema_migrations"."version" FROM "schema_migrations" ORDER BY "schema_migrations"."version" ASC[0m
  ↳ bin/rails:4
  [1m[35m (0.1ms)[0m  [1m[34mSELECT "schema_migrations"."version" FROM "schema_migrations" ORDER BY "schema_migrations"."version" ASC[0m
  ↳ bin/rails:4
  [1m[35m (0.1ms)[0m  [1m[34mSELECT "schema_migrations"."version" FROM "schema_migrations" ORDER BY "schema_migrations"."version" ASC[0m
  ↳ bin/rails:4
  [1m[35m (0.1ms)[0m  [1m[34mSELECT "schema_migrations"."version" FROM "schema_migrations" ORDER BY "schema_migrations"."version" ASC[0m
  ↳ bin/rails:4
  [1m[35m (0.1ms)[0m  [1m[34mSELECT "schema_migrations"."version" FROM "schema_migrations" ORDER BY "schema_migrations"."version" ASC[0m
  ↳ bin/rails:4
  [1m[35m (0.1ms)[0m  [1m[34mSELECT "schema_migrations"."version" FROM "schema_migrations" ORDER BY "schema_migrations"."version" ASC[0m
  ↳ bin/rails:4
Migrating to CreatePlanets (20200107000543)
  [1m[35m (0.0ms)[0m  [1m[36mbegin transaction[0m
  ↳ bin/rails:4
  [1m[35m (1.2ms)[0m  [1m[35mDROP TABLE "planets"[0m
  ↳ bin/rails:4
  [1m[36mActiveRecord::SchemaMigration Destroy (0.2ms)[0m  [1m[31mDELETE FROM "schema_migrations" WHERE "schema_migrations"."version" = ?[0m  [["version", "20200107000543"]]
  ↳ bin/rails:4
  [1m[35m (2.5ms)[0m  [1m[36mcommit transaction[0m
  ↳ bin/rails:4
  [1m[35m (0.1ms)[0m  [1m[34mSELECT "schema_migrations"."version" FROM "schema_migrations" ORDER BY "schema_migrations"."version" ASC[0m
  ↳ bin/rails:4
  [1m[35m (0.1ms)[0m  [1m[34mSELECT "schema_migrations"."version" FROM "schema_migrations" ORDER BY "schema_migrations"."version" ASC[0m
  ↳ bin/rails:4
Migrating to CreatePlanets (20200107000543)
  [1m[35m (0.1ms)[0m  [1m[36mbegin transaction[0m
  ↳ bin/rails:4
  [1m[35m (0.3ms)[0m  [1m[34mSELECT sqlite_version(*)[0m
  ↳ db/migrate/20200107000543_create_planets.rb:3
  [1m[35m (1.1ms)[0m  [1m[35mCREATE TABLE "planets" ("id" integer PRIMARY KEY AUTOINCREMENT NOT NULL, "name" varchar, "image" text, "orbit" float, "diameter" float, "mass" float, "moons" integer)[0m
  ↳ db/migrate/20200107000543_create_planets.rb:3
  [1m[36mActiveRecord::SchemaMigration Create (1.1ms)[0m  [1m[32mINSERT INTO "schema_migrations" ("version") VALUES (?)[0m  [["version", "20200107000543"]]
  ↳ bin/rails:4
  [1m[35m (135.2ms)[0m  [1m[36mcommit transaction[0m
  ↳ bin/rails:4
  [1m[36mActiveRecord::InternalMetadata Load (0.3ms)[0m  [1m[34mSELECT  "ar_internal_metadata".* FROM "ar_internal_metadata" WHERE "ar_internal_metadata"."key" = ? LIMIT ?[0m  [["key", "environment"], ["LIMIT", 1]]
  ↳ bin/rails:4
  [1m[35m (0.1ms)[0m  [1m[36mbegin transaction[0m
  ↳ bin/rails:4
  [1m[35m (0.1ms)[0m  [1m[36mcommit transaction[0m
  ↳ bin/rails:4
  [1m[35m (0.2ms)[0m  [1m[34mSELECT "schema_migrations"."version" FROM "schema_migrations" ORDER BY "schema_migrations"."version" ASC[0m
  ↳ bin/rails:4
  [1m[35m (0.1ms)[0m  [1m[34mSELECT "schema_migrations"."version" FROM "schema_migrations" ORDER BY "schema_migrations"."version" ASC[0m
  ↳ bin/rails:4
  [1m[35m (0.0ms)[0m  [1m[36mbegin transaction[0m
  [1m[36mPlanet Create (0.5ms)[0m  [1m[32mINSERT INTO "planets" ("name", "image", "orbit", "diameter", "mass", "moons") VALUES (?, ?, ?, ?, ?, ?)[0m  [["name", "Evil Planet"], ["image", "http"], ["orbit", 1.5], ["diameter", 2.0], ["mass", 100.0], ["moons", 3]]
  [1m[35m (1.0ms)[0m  [1m[36mcommit transaction[0m
  [1m[36mPlanet Load (0.2ms)[0m  [1m[34mSELECT "planets".* FROM "planets"[0m
  [1m[35m (0.2ms)[0m  [1m[34mSELECT "schema_migrations"."version" FROM "schema_migrations" ORDER BY "schema_migrations"."version" ASC[0m
  ↳ bin/rails:4
  [1m[35m (0.1ms)[0m  [1m[36mbegin transaction[0m
  ↳ db/seeds.rb:9
  [1m[36mPlanet Create (0.5ms)[0m  [1m[32mINSERT INTO "planets" ("name", "image", "orbit", "diameter", "mass", "moons") VALUES (?, ?, ?, ?, ?, ?)[0m  [["name", "Earth"], ["image", "https://scitechdaily.com/images/earth-losing-mass.jpg"], ["orbit", 1.0], ["diameter", 1.0], ["mass", 1.0], ["moons", 1]]
  ↳ db/seeds.rb:9
  [1m[35m (1.0ms)[0m  [1m[36mcommit transaction[0m
  ↳ db/seeds.rb:9
  [1m[36mPlanet Load (1.8ms)[0m  [1m[34mSELECT "planets".* FROM "planets"[0m
  [1m[35m (0.5ms)[0m  [1m[34mSELECT "schema_migrations"."version" FROM "schema_migrations" ORDER BY "schema_migrations"."version" ASC[0m
  ↳ bin/rails:4
  [1m[36mPlanet Load (0.6ms)[0m  [1m[34mSELECT "planets".* FROM "planets"[0m
  ↳ db/seeds.rb:13
  [1m[35m (0.1ms)[0m  [1m[36mbegin transaction[0m
  ↳ db/seeds.rb:13
  [1m[36mPlanet Destroy (0.6ms)[0m  [1m[31mDELETE FROM "planets" WHERE "planets"."id" = ?[0m  [["id", 1]]
  ↳ db/seeds.rb:13
  [1m[35m (1.4ms)[0m  [1m[36mcommit transaction[0m
  ↳ db/seeds.rb:13
  [1m[35m (0.1ms)[0m  [1m[36mbegin transaction[0m
  ↳ db/seeds.rb:13
  [1m[36mPlanet Destroy (0.5ms)[0m  [1m[31mDELETE FROM "planets" WHERE "planets"."id" = ?[0m  [["id", 2]]
  ↳ db/seeds.rb:13
  [1m[35m (1.2ms)[0m  [1m[36mcommit transaction[0m
  ↳ db/seeds.rb:13
  [1m[35m (0.1ms)[0m  [1m[36mbegin transaction[0m
  ↳ db/seeds.rb:15
  [1m[36mPlanet Create (0.9ms)[0m  [1m[32mINSERT INTO "planets" ("name", "image", "orbit", "diameter", "mass", "moons") VALUES (?, ?, ?, ?, ?, ?)[0m  [["name", "Earth"], ["image", "https://scitechdaily.com/images/earth-losing-mass.jpg"], ["orbit", 1.0], ["diameter", 1.0], ["mass", 1.0], ["moons", 1]]
  ↳ db/seeds.rb:15
  [1m[35m (1.3ms)[0m  [1m[36mcommit transaction[0m
  ↳ db/seeds.rb:15
  [1m[36mPlanet Load (0.2ms)[0m  [1m[34mSELECT "planets".* FROM "planets"[0m
  [1m[35m (0.2ms)[0m  [1m[34mSELECT "schema_migrations"."version" FROM "schema_migrations" ORDER BY "schema_migrations"."version" ASC[0m
  ↳ bin/rails:4
  [1m[36mPlanet Load (0.3ms)[0m  [1m[34mSELECT "planets".* FROM "planets"[0m
  ↳ db/seeds.rb:13
  [1m[35m (0.1ms)[0m  [1m[36mbegin transaction[0m
  ↳ db/seeds.rb:13
  [1m[36mPlanet Destroy (0.5ms)[0m  [1m[31mDELETE FROM "planets" WHERE "planets"."id" = ?[0m  [["id", 3]]
  ↳ db/seeds.rb:13
  [1m[35m (0.9ms)[0m  [1m[36mcommit transaction[0m
  ↳ db/seeds.rb:13
  [1m[35m (0.0ms)[0m  [1m[36mbegin transaction[0m
  ↳ db/seeds.rb:15
  [1m[36mPlanet Create (0.5ms)[0m  [1m[32mINSERT INTO "planets" ("name", "image", "orbit", "diameter", "mass", "moons") VALUES (?, ?, ?, ?, ?, ?)[0m  [["name", "Earth"], ["image", "https://scitechdaily.com/images/earth-losing-mass.jpg"], ["orbit", 1.0], ["diameter", 1.0], ["mass", 1.0], ["moons", 1]]
  ↳ db/seeds.rb:15
  [1m[35m (1.1ms)[0m  [1m[36mcommit transaction[0m
  ↳ db/seeds.rb:15
  [1m[35m (0.1ms)[0m  [1m[36mbegin transaction[0m
  ↳ db/seeds.rb:17
  [1m[36mPlanet Create (0.5ms)[0m  [1m[32mINSERT INTO "planets" ("name", "image", "orbit", "diameter", "mass", "moons") VALUES (?, ?, ?, ?, ?, ?)[0m  [["name", "Mars"], ["image", "https://space-facts.com/wp-content/uploads/mars.jpg"], ["orbit", 687.0], ["diameter", 0.1], ["mass", 0.2], ["moons", 3]]
  ↳ db/seeds.rb:17
  [1m[35m (1.0ms)[0m  [1m[36mcommit transaction[0m
  ↳ db/seeds.rb:17
  [1m[35m (0.0ms)[0m  [1m[36mbegin transaction[0m
  ↳ db/seeds.rb:19
  [1m[36mPlanet Create (0.5ms)[0m  [1m[32mINSERT INTO "planets" ("name", "image", "orbit", "diameter", "mass", "moons") VALUES (?, ?, ?, ?, ?, ?)[0m  [["name", "Venus"], ["image", "https://cdn.mos.cms.futurecdn.net/pNX8eVGowB6WT8tyrTMufk-1200-80.jpg"], ["orbit", 0.5], ["diameter", 0.5], ["mass", 0.5], ["moons", 2]]
  ↳ db/seeds.rb:19
  [1m[35m (1.1ms)[0m  [1m[36mcommit transaction[0m
  ↳ db/seeds.rb:19
  [1m[35m (0.0ms)[0m  [1m[36mbegin transaction[0m
  ↳ db/seeds.rb:21
  [1m[36mPlanet Create (0.5ms)[0m  [1m[32mINSERT INTO "planets" ("name", "image", "orbit", "diameter", "mass", "moons") VALUES (?, ?, ?, ?, ?, ?)[0m  [["name", "Jupiter"], ["image", "http://cdn.sci-news.com/images/enlarge4/image_5608_2e-Jupiter.jpg"], ["orbit", 800.0], ["diameter", 500.0], ["mass", 10000.0], ["moons", 13]]
  ↳ db/seeds.rb:21
  [1m[35m (1.0ms)[0m  [1m[36mcommit transaction[0m
  ↳ db/seeds.rb:21
  [1m[36mPlanet Load (0.7ms)[0m  [1m[34mSELECT "planets".* FROM "planets"[0m
  [1m[36mPlanet Load (0.1ms)[0m  [1m[34mSELECT "planets".* FROM "planets"[0m
  [1m[35m (0.9ms)[0m  [1m[34mSELECT COUNT(*) FROM "planets"[0m
  [1m[36mPlanet Load (0.3ms)[0m  [1m[34mSELECT "planets".* FROM "planets"[0m
  [1m[35m (0.1ms)[0m  [1m[34mSELECT "schema_migrations"."version" FROM "schema_migrations" ORDER BY "schema_migrations"."version" ASC[0m
  ↳ bin/rails:4
  [1m[36mPlanet Load (0.5ms)[0m  [1m[34mSELECT "planets".* FROM "planets"[0m
  ↳ db/seeds.rb:13
  [1m[35m (0.1ms)[0m  [1m[36mbegin transaction[0m
  ↳ db/seeds.rb:13
  [1m[36mPlanet Destroy (2.0ms)[0m  [1m[31mDELETE FROM "planets" WHERE "planets"."id" = ?[0m  [["id", 4]]
  ↳ db/seeds.rb:13
  [1m[35m (3.5ms)[0m  [1m[36mcommit transaction[0m
  ↳ db/seeds.rb:13
  [1m[35m (0.1ms)[0m  [1m[36mbegin transaction[0m
  ↳ db/seeds.rb:13
  [1m[36mPlanet Destroy (0.5ms)[0m  [1m[31mDELETE FROM "planets" WHERE "planets"."id" = ?[0m  [["id", 5]]
  ↳ db/seeds.rb:13
  [1m[35m (15.9ms)[0m  [1m[36mcommit transaction[0m
  ↳ db/seeds.rb:13
  [1m[35m (0.1ms)[0m  [1m[36mbegin transaction[0m
  ↳ db/seeds.rb:13
  [1m[36mPlanet Destroy (4.9ms)[0m  [1m[31mDELETE FROM "planets" WHERE "planets"."id" = ?[0m  [["id", 6]]
  ↳ db/seeds.rb:13
  [1m[35m (1.0ms)[0m  [1m[36mcommit transaction[0m
  ↳ db/seeds.rb:13
  [1m[35m (0.1ms)[0m  [1m[36mbegin transaction[0m
  ↳ db/seeds.rb:13
  [1m[36mPlanet Destroy (0.5ms)[0m  [1m[31mDELETE FROM "planets" WHERE "planets"."id" = ?[0m  [["id", 7]]
  ↳ db/seeds.rb:13
  [1m[35m (22.3ms)[0m  [1m[36mcommit transaction[0m
  ↳ db/seeds.rb:13
  [1m[35m (0.1ms)[0m  [1m[36mbegin transaction[0m
  ↳ db/seeds.rb:17
  [1m[36mPlanet Create (1.1ms)[0m  [1m[32mINSERT INTO "planets" ("name", "image", "orbit", "diameter", "mass", "moons") VALUES (?, ?, ?, ?, ?, ?)[0m  [["name", "Earth"], ["image", "https://scitechdaily.com/images/earth-losing-mass.jpg"], ["orbit", 1.0], ["diameter", 1.0], ["mass", 1.0], ["moons", 1]]
  ↳ db/seeds.rb:17
  [1m[35m (26.3ms)[0m  [1m[36mcommit transaction[0m
  ↳ db/seeds.rb:17
  [1m[35m (0.1ms)[0m  [1m[36mbegin transaction[0m
  ↳ db/seeds.rb:19
  [1m[36mPlanet Create (0.6ms)[0m  [1m[32mINSERT INTO "planets" ("name", "image", "orbit", "diameter", "mass", "moons") VALUES (?, ?, ?, ?, ?, ?)[0m  [["name", "Mars"], ["image", "https://space-facts.com/wp-content/uploads/mars.jpg"], ["orbit", 687.0], ["diameter", 0.1], ["mass", 0.2], ["moons", 3]]
  ↳ db/seeds.rb:19
  [1m[35m (105.7ms)[0m  [1m[36mcommit transaction[0m
  ↳ db/seeds.rb:19
  [1m[35m (0.1ms)[0m  [1m[36mbegin transaction[0m
  ↳ db/seeds.rb:21
  [1m[36mPlanet Create (1.4ms)[0m  [1m[32mINSERT INTO "planets" ("name", "image", "orbit", "diameter", "mass", "moons") VALUES (?, ?, ?, ?, ?, ?)[0m  [["name", "Venus"], ["image", "https://cdn.mos.cms.futurecdn.net/pNX8eVGowB6WT8tyrTMufk-1200-80.jpg"], ["orbit", 0.5], ["diameter", 0.5], ["mass", 0.5], ["moons", 2]]
  ↳ db/seeds.rb:21
  [1m[35m (9.7ms)[0m  [1m[36mcommit transaction[0m
  ↳ db/seeds.rb:21
  [1m[35m (0.1ms)[0m  [1m[36mbegin transaction[0m
  ↳ db/seeds.rb:23
  [1m[36mPlanet Create (1.6ms)[0m  [1m[32mINSERT INTO "planets" ("name", "image", "orbit", "diameter", "mass", "moons") VALUES (?, ?, ?, ?, ?, ?)[0m  [["name", "Jupiter"], ["image", "http://cdn.sci-news.com/images/enlarge4/image_5608_2e-Jupiter.jpg"], ["orbit", 800.0], ["diameter", 500.0], ["mass", 10000.0], ["moons", 13]]
  ↳ db/seeds.rb:23
  [1m[35m (1.0ms)[0m  [1m[36mcommit transaction[0m
  ↳ db/seeds.rb:23
  [1m[35m (0.2ms)[0m  [1m[34mSELECT COUNT(*) FROM "planets"[0m
  ↳ db/seeds.rb:25
  [1m[35m (0.2ms)[0m  [1m[34mSELECT "planets"."name" FROM "planets"[0m
  ↳ db/seeds.rb:26
Started GET "/planets" for ::1 at 2020-01-07 12:45:43 +1100
  [1m[35m (0.2ms)[0m  [1m[34mSELECT "schema_migrations"."version" FROM "schema_migrations" ORDER BY "schema_migrations"."version" ASC[0m
  ↳ /Users/jamiemcneill/.rvm/gems/ruby-2.4.1/gems/activerecord-5.2.4.1/lib/active_record/log_subscriber.rb:98
Processing by PlanetsController#index as HTML
  Rendering planets/index.html.erb within layouts/application
  Rendered planets/index.html.erb within layouts/application (18.1ms)
Completed 500 Internal Server Error in 217ms (ActiveRecord: 0.0ms)


  
ActionView::Template::Error (undefined method `each' for nil:NilClass):
    1: <h1>Index of Planets</h1>
    2: 
    3: <ul>
    4:    <% @planets.each do |planet| %>
    5:       <li>
    6:         <%= planet.name %>
    7:       </li>
  
app/views/planets/index.html.erb:4:in `_app_views_planets_index_html_erb___3333239261632747574_70117052146180'
Started GET "/planets" for ::1 at 2020-01-07 12:46:29 +1100
Processing by PlanetsController#index as HTML
  Rendering planets/index.html.erb within layouts/application
  [1m[36mPlanet Load (0.2ms)[0m  [1m[34mSELECT "planets".* FROM "planets"[0m
  ↳ app/views/planets/index.html.erb:4
  Rendered planets/index.html.erb within layouts/application (14.5ms)
Completed 200 OK in 1019ms (Views: 1013.8ms | ActiveRecord: 0.9ms)


Started GET "/planets" for ::1 at 2020-01-07 14:28:25 +1100
Processing by PlanetsController#index as HTML
  Rendering planets/index.html.erb within layouts/application
  [1m[36mPlanet Load (0.2ms)[0m  [1m[34mSELECT "planets".* FROM "planets"[0m
  ↳ app/views/planets/index.html.erb:4
  Rendered planets/index.html.erb within layouts/application (8.1ms)
Completed 200 OK in 39ms (Views: 32.6ms | ActiveRecord: 0.8ms)


Started GET "/planets/8" for ::1 at 2020-01-07 14:28:26 +1100
  
ActionController::RoutingError (No route matches [GET] "/planets/8"):
  
actionpack (5.2.4.1) lib/action_dispatch/middleware/debug_exceptions.rb:65:in `call'
web-console (3.7.0) lib/web_console/middleware.rb:135:in `call_app'
web-console (3.7.0) lib/web_console/middleware.rb:30:in `block in call'
web-console (3.7.0) lib/web_console/middleware.rb:20:in `catch'
web-console (3.7.0) lib/web_console/middleware.rb:20:in `call'
actionpack (5.2.4.1) lib/action_dispatch/middleware/show_exceptions.rb:33:in `call'
railties (5.2.4.1) lib/rails/rack/logger.rb:38:in `call_app'
railties (5.2.4.1) lib/rails/rack/logger.rb:26:in `block in call'
activesupport (5.2.4.1) lib/active_support/tagged_logging.rb:71:in `block in tagged'
activesupport (5.2.4.1) lib/active_support/tagged_logging.rb:28:in `tagged'
activesupport (5.2.4.1) lib/active_support/tagged_logging.rb:71:in `tagged'
railties (5.2.4.1) lib/rails/rack/logger.rb:26:in `call'
sprockets-rails (3.2.1) lib/sprockets/rails/quiet_assets.rb:13:in `call'
actionpack (5.2.4.1) lib/action_dispatch/middleware/remote_ip.rb:81:in `call'
actionpack (5.2.4.1) lib/action_dispatch/middleware/request_id.rb:27:in `call'
rack (2.0.8) lib/rack/method_override.rb:22:in `call'
rack (2.0.8) lib/rack/runtime.rb:22:in `call'
activesupport (5.2.4.1) lib/active_support/cache/strategy/local_cache_middleware.rb:29:in `call'
actionpack (5.2.4.1) lib/action_dispatch/middleware/executor.rb:14:in `call'
actionpack (5.2.4.1) lib/action_dispatch/middleware/static.rb:127:in `call'
rack (2.0.8) lib/rack/sendfile.rb:111:in `call'
railties (5.2.4.1) lib/rails/engine.rb:524:in `call'
puma (3.12.2) lib/puma/configuration.rb:227:in `call'
puma (3.12.2) lib/puma/server.rb:674:in `handle_request'
puma (3.12.2) lib/puma/server.rb:476:in `process_client'
puma (3.12.2) lib/puma/server.rb:334:in `block in run'
puma (3.12.2) lib/puma/thread_pool.rb:135:in `block in spawn_thread'
Started GET "/rails/info/routes" for ::1 at 2020-01-07 14:29:36 +1100
Processing by Rails::InfoController#routes as HTML
  Rendering /Users/jamiemcneill/.rvm/gems/ruby-2.4.1/gems/railties-5.2.4.1/lib/rails/templates/rails/info/routes.html.erb within layouts/application
  Rendered collection of /Users/jamiemcneill/.rvm/gems/ruby-2.4.1/gems/actionpack-5.2.4.1/lib/action_dispatch/middleware/templates/routes/_route.html.erb [1 times] (2.5ms)
  Rendered /Users/jamiemcneill/.rvm/gems/ruby-2.4.1/gems/actionpack-5.2.4.1/lib/action_dispatch/middleware/templates/routes/_table.html.erb (4.3ms)
  Rendered /Users/jamiemcneill/.rvm/gems/ruby-2.4.1/gems/railties-5.2.4.1/lib/rails/templates/rails/info/routes.html.erb within layouts/application (26.2ms)
Completed 200 OK in 73ms (Views: 56.9ms | ActiveRecord: 0.0ms)


Started GET "/rails/info/routes" for ::1 at 2020-01-07 14:31:51 +1100
Processing by Rails::InfoController#routes as HTML
  Rendering /Users/jamiemcneill/.rvm/gems/ruby-2.4.1/gems/railties-5.2.4.1/lib/rails/templates/rails/info/routes.html.erb within layouts/application
  Rendered collection of /Users/jamiemcneill/.rvm/gems/ruby-2.4.1/gems/actionpack-5.2.4.1/lib/action_dispatch/middleware/templates/routes/_route.html.erb [2 times] (1.1ms)
  Rendered /Users/jamiemcneill/.rvm/gems/ruby-2.4.1/gems/actionpack-5.2.4.1/lib/action_dispatch/middleware/templates/routes/_table.html.erb (1.0ms)
  Rendered /Users/jamiemcneill/.rvm/gems/ruby-2.4.1/gems/railties-5.2.4.1/lib/rails/templates/rails/info/routes.html.erb within layouts/application (8.9ms)
Completed 200 OK in 25ms (Views: 18.6ms | ActiveRecord: 0.0ms)


Started GET "/rails/info/routes" for ::1 at 2020-01-07 14:33:38 +1100
Processing by Rails::InfoController#routes as HTML
  Rendering /Users/jamiemcneill/.rvm/gems/ruby-2.4.1/gems/railties-5.2.4.1/lib/rails/templates/rails/info/routes.html.erb within layouts/application
  Rendered collection of /Users/jamiemcneill/.rvm/gems/ruby-2.4.1/gems/actionpack-5.2.4.1/lib/action_dispatch/middleware/templates/routes/_route.html.erb [2 times] (2.7ms)
  Rendered /Users/jamiemcneill/.rvm/gems/ruby-2.4.1/gems/actionpack-5.2.4.1/lib/action_dispatch/middleware/templates/routes/_table.html.erb (1.0ms)
  Rendered /Users/jamiemcneill/.rvm/gems/ruby-2.4.1/gems/railties-5.2.4.1/lib/rails/templates/rails/info/routes.html.erb within layouts/application (11.8ms)
Completed 200 OK in 37ms (Views: 27.8ms | ActiveRecord: 0.0ms)


Started GET "/rails/info/routes" for ::1 at 2020-01-07 14:33:40 +1100
Processing by Rails::InfoController#routes as HTML
  Rendering /Users/jamiemcneill/.rvm/gems/ruby-2.4.1/gems/railties-5.2.4.1/lib/rails/templates/rails/info/routes.html.erb within layouts/application
  Rendered collection of /Users/jamiemcneill/.rvm/gems/ruby-2.4.1/gems/actionpack-5.2.4.1/lib/action_dispatch/middleware/templates/routes/_route.html.erb [2 times] (1.1ms)
  Rendered /Users/jamiemcneill/.rvm/gems/ruby-2.4.1/gems/actionpack-5.2.4.1/lib/action_dispatch/middleware/templates/routes/_table.html.erb (0.8ms)
  Rendered /Users/jamiemcneill/.rvm/gems/ruby-2.4.1/gems/railties-5.2.4.1/lib/rails/templates/rails/info/routes.html.erb within layouts/application (9.1ms)
Completed 200 OK in 25ms (Views: 18.5ms | ActiveRecord: 0.0ms)


Started GET "/rails/info/routes" for ::1 at 2020-01-07 14:33:48 +1100
Processing by Rails::InfoController#routes as HTML
  Rendering /Users/jamiemcneill/.rvm/gems/ruby-2.4.1/gems/railties-5.2.4.1/lib/rails/templates/rails/info/routes.html.erb within layouts/application
  Rendered collection of /Users/jamiemcneill/.rvm/gems/ruby-2.4.1/gems/actionpack-5.2.4.1/lib/action_dispatch/middleware/templates/routes/_route.html.erb [2 times] (0.9ms)
  Rendered /Users/jamiemcneill/.rvm/gems/ruby-2.4.1/gems/actionpack-5.2.4.1/lib/action_dispatch/middleware/templates/routes/_table.html.erb (0.8ms)
  Rendered /Users/jamiemcneill/.rvm/gems/ruby-2.4.1/gems/railties-5.2.4.1/lib/rails/templates/rails/info/routes.html.erb within layouts/application (7.6ms)
Completed 200 OK in 23ms (Views: 18.4ms | ActiveRecord: 0.0ms)


Started GET "/planets" for ::1 at 2020-01-07 14:35:36 +1100
Processing by PlanetsController#index as HTML
  Rendering planets/index.html.erb within layouts/application
  [1m[36mPlanet Load (0.2ms)[0m  [1m[34mSELECT "planets".* FROM "planets"[0m
  ↳ app/views/planets/index.html.erb:4
  Rendered planets/index.html.erb within layouts/application (9.2ms)
Completed 200 OK in 35ms (Views: 28.2ms | ActiveRecord: 0.9ms)


Started GET "/planets/8" for ::1 at 2020-01-07 14:46:50 +1100
Processing by PlanetsController#show as HTML
  Parameters: {"id"=>"8"}
  [1m[36mPlanet Load (0.2ms)[0m  [1m[34mSELECT  "planets".* FROM "planets" WHERE "planets"."id" = ? LIMIT ?[0m  [["id", 8], ["LIMIT", 1]]
  ↳ app/controllers/planets_controller.rb:13
  Rendering planets/show.html.erb within layouts/application
  Rendered planets/show.html.erb within layouts/application (460.3ms)
Completed 500 Internal Server Error in 487ms (ActiveRecord: 0.9ms)


  
ActionView::Template::Error (undefined local variable or method `image' for #<#<Class:0x007f8ad1928f20>:0x007f8ad1933ce0>
Did you mean?  image_url):
    22: <%= @planet.moons %> earth moons
    23: </p>
    24: 
    25: <%= image.tag @planet.image, alt: @planet.name, class:'planet' %>
  
app/views/planets/show.html.erb:25:in `_app_views_planets_show_html_erb___297064634605522880_70117099129820'
Started GET "/planets/8" for ::1 at 2020-01-07 14:47:53 +1100
Processing by PlanetsController#show as HTML
  Parameters: {"id"=>"8"}
  [1m[36mPlanet Load (0.2ms)[0m  [1m[34mSELECT  "planets".* FROM "planets" WHERE "planets"."id" = ? LIMIT ?[0m  [["id", 8], ["LIMIT", 1]]
  ↳ app/controllers/planets_controller.rb:13
  Rendering planets/show.html.erb within layouts/application
  Rendered planets/show.html.erb within layouts/application (0.7ms)
Completed 200 OK in 49ms (Views: 43.7ms | ActiveRecord: 0.2ms)


Started GET "/planets/9" for ::1 at 2020-01-07 14:47:56 +1100
Processing by PlanetsController#show as HTML
  Parameters: {"id"=>"9"}
  [1m[36mPlanet Load (0.2ms)[0m  [1m[34mSELECT  "planets".* FROM "planets" WHERE "planets"."id" = ? LIMIT ?[0m  [["id", 9], ["LIMIT", 1]]
  ↳ app/controllers/planets_controller.rb:13
  Rendering planets/show.html.erb within layouts/application
  Rendered planets/show.html.erb within layouts/application (1.0ms)
Completed 200 OK in 18ms (Views: 14.3ms | ActiveRecord: 0.2ms)


Started GET "/planets/8" for ::1 at 2020-01-07 14:55:39 +1100
Processing by PlanetsController#show as HTML
  Parameters: {"id"=>"8"}
  [1m[36mPlanet Load (0.3ms)[0m  [1m[34mSELECT  "planets".* FROM "planets" WHERE "planets"."id" = ? LIMIT ?[0m  [["id", 8], ["LIMIT", 1]]
  ↳ app/controllers/planets_controller.rb:13
  Rendering planets/show.html.erb within layouts/application
  Rendered planets/show.html.erb within layouts/application (0.6ms)
Completed 200 OK in 46ms (Views: 39.2ms | ActiveRecord: 0.3ms)


Started GET "/planets/8" for ::1 at 2020-01-07 15:03:13 +1100
Processing by PlanetsController#show as HTML
  Parameters: {"id"=>"8"}
  [1m[36mPlanet Load (0.3ms)[0m  [1m[34mSELECT  "planets".* FROM "planets" WHERE "planets"."id" = ? LIMIT ?[0m  [["id", 8], ["LIMIT", 1]]
  ↳ app/controllers/planets_controller.rb:13
  Rendering planets/show.html.erb within layouts/application
  Rendered planets/show.html.erb within layouts/application (0.6ms)
Completed 200 OK in 31ms (Views: 25.6ms | ActiveRecord: 0.3ms)


Started GET "/planets" for ::1 at 2020-01-07 15:04:18 +1100
Processing by PlanetsController#index as HTML
  Rendering planets/index.html.erb within layouts/application
  [1m[36mPlanet Load (0.2ms)[0m  [1m[34mSELECT "planets".* FROM "planets"[0m
  ↳ app/views/planets/index.html.erb:4
  Rendered planets/index.html.erb within layouts/application (1.7ms)
Completed 200 OK in 23ms (Views: 18.7ms | ActiveRecord: 0.2ms)


Started GET "/planets/9" for ::1 at 2020-01-07 15:04:20 +1100
Processing by PlanetsController#show as HTML
  Parameters: {"id"=>"9"}
  [1m[36mPlanet Load (0.2ms)[0m  [1m[34mSELECT  "planets".* FROM "planets" WHERE "planets"."id" = ? LIMIT ?[0m  [["id", 9], ["LIMIT", 1]]
  ↳ app/controllers/planets_controller.rb:13
  Rendering planets/show.html.erb within layouts/application
  Rendered planets/show.html.erb within layouts/application (0.6ms)
Completed 200 OK in 18ms (Views: 14.8ms | ActiveRecord: 0.2ms)


Started GET "/planets" for ::1 at 2020-01-07 15:04:23 +1100
Processing by PlanetsController#index as HTML
  Rendering planets/index.html.erb within layouts/application
  [1m[36mPlanet Load (0.1ms)[0m  [1m[34mSELECT "planets".* FROM "planets"[0m
  ↳ app/views/planets/index.html.erb:4
  Rendered planets/index.html.erb within layouts/application (2.1ms)
Completed 200 OK in 27ms (Views: 23.6ms | ActiveRecord: 0.1ms)


Started GET "/planets/11" for ::1 at 2020-01-07 15:04:25 +1100
Processing by PlanetsController#show as HTML
  Parameters: {"id"=>"11"}
  [1m[36mPlanet Load (0.2ms)[0m  [1m[34mSELECT  "planets".* FROM "planets" WHERE "planets"."id" = ? LIMIT ?[0m  [["id", 11], ["LIMIT", 1]]
  ↳ app/controllers/planets_controller.rb:13
  Rendering planets/show.html.erb within layouts/application
  Rendered planets/show.html.erb within layouts/application (0.7ms)
Completed 200 OK in 21ms (Views: 17.3ms | ActiveRecord: 0.2ms)


Started GET "/rails/info/routes" for ::1 at 2020-01-07 15:05:48 +1100
Processing by Rails::InfoController#routes as HTML
  Rendering /Users/jamiemcneill/.rvm/gems/ruby-2.4.1/gems/railties-5.2.4.1/lib/rails/templates/rails/info/routes.html.erb within layouts/application
  Rendered collection of /Users/jamiemcneill/.rvm/gems/ruby-2.4.1/gems/actionpack-5.2.4.1/lib/action_dispatch/middleware/templates/routes/_route.html.erb [2 times] (1.1ms)
  Rendered /Users/jamiemcneill/.rvm/gems/ruby-2.4.1/gems/actionpack-5.2.4.1/lib/action_dispatch/middleware/templates/routes/_table.html.erb (7.7ms)
  Rendered /Users/jamiemcneill/.rvm/gems/ruby-2.4.1/gems/railties-5.2.4.1/lib/rails/templates/rails/info/routes.html.erb within layouts/application (17.8ms)
Completed 200 OK in 40ms (Views: 31.0ms | ActiveRecord: 0.0ms)


Started GET "/planets" for ::1 at 2020-01-07 15:06:00 +1100
Processing by PlanetsController#index as HTML
  Rendering planets/index.html.erb within layouts/application
  [1m[36mPlanet Load (0.1ms)[0m  [1m[34mSELECT "planets".* FROM "planets"[0m
  ↳ app/views/planets/index.html.erb:4
  Rendered planets/index.html.erb within layouts/application (1.9ms)
Completed 200 OK in 23ms (Views: 18.3ms | ActiveRecord: 0.1ms)


Started GET "/planets/11" for ::1 at 2020-01-07 15:06:02 +1100
Processing by PlanetsController#show as HTML
  Parameters: {"id"=>"11"}
  [1m[36mPlanet Load (0.2ms)[0m  [1m[34mSELECT  "planets".* FROM "planets" WHERE "planets"."id" = ? LIMIT ?[0m  [["id", 11], ["LIMIT", 1]]
  ↳ app/controllers/planets_controller.rb:13
  Rendering planets/show.html.erb within layouts/application
  Rendered planets/show.html.erb within layouts/application (0.6ms)
Completed 200 OK in 21ms (Views: 16.1ms | ActiveRecord: 0.2ms)


Started GET "/planets" for ::1 at 2020-01-07 15:06:06 +1100
Processing by PlanetsController#index as HTML
  Rendering planets/index.html.erb within layouts/application
  [1m[36mPlanet Load (0.1ms)[0m  [1m[34mSELECT "planets".* FROM "planets"[0m
  ↳ app/views/planets/index.html.erb:4
  Rendered planets/index.html.erb within layouts/application (1.4ms)
Completed 200 OK in 20ms (Views: 17.2ms | ActiveRecord: 0.1ms)


Started GET "/planets/11" for ::1 at 2020-01-07 15:06:39 +1100
Processing by PlanetsController#show as HTML
  Parameters: {"id"=>"11"}
  [1m[36mPlanet Load (0.2ms)[0m  [1m[34mSELECT  "planets".* FROM "planets" WHERE "planets"."id" = ? LIMIT ?[0m  [["id", 11], ["LIMIT", 1]]
  ↳ app/controllers/planets_controller.rb:13
  Rendering planets/show.html.erb within layouts/application
  Rendered planets/show.html.erb within layouts/application (0.6ms)
Completed 200 OK in 30ms (Views: 23.1ms | ActiveRecord: 0.2ms)


Started GET "/planets" for ::1 at 2020-01-07 15:06:41 +1100
Processing by PlanetsController#index as HTML
  Rendering planets/index.html.erb within layouts/application
  [1m[36mPlanet Load (0.1ms)[0m  [1m[34mSELECT "planets".* FROM "planets"[0m
  ↳ app/views/planets/index.html.erb:4
  Rendered planets/index.html.erb within layouts/application (1.6ms)
Completed 200 OK in 21ms (Views: 17.4ms | ActiveRecord: 0.1ms)


Started GET "/planets/11" for ::1 at 2020-01-07 15:06:50 +1100
Processing by PlanetsController#show as HTML
  Parameters: {"id"=>"11"}
  [1m[36mPlanet Load (0.2ms)[0m  [1m[34mSELECT  "planets".* FROM "planets" WHERE "planets"."id" = ? LIMIT ?[0m  [["id", 11], ["LIMIT", 1]]
  ↳ app/controllers/planets_controller.rb:13
  Rendering planets/show.html.erb within layouts/application
  Rendered planets/show.html.erb within layouts/application (0.6ms)
Completed 200 OK in 24ms (Views: 16.8ms | ActiveRecord: 0.2ms)


Started GET "/planets" for ::1 at 2020-01-07 15:06:51 +1100
Processing by PlanetsController#index as HTML
  Rendering planets/index.html.erb within layouts/application
  [1m[36mPlanet Load (0.1ms)[0m  [1m[34mSELECT "planets".* FROM "planets"[0m
  ↳ app/views/planets/index.html.erb:4
  Rendered planets/index.html.erb within layouts/application (1.9ms)
Completed 200 OK in 23ms (Views: 18.2ms | ActiveRecord: 0.1ms)


Started GET "/planets/8" for ::1 at 2020-01-07 15:06:52 +1100
Processing by PlanetsController#show as HTML
  Parameters: {"id"=>"8"}
  [1m[36mPlanet Load (0.1ms)[0m  [1m[34mSELECT  "planets".* FROM "planets" WHERE "planets"."id" = ? LIMIT ?[0m  [["id", 8], ["LIMIT", 1]]
  ↳ app/controllers/planets_controller.rb:13
  Rendering planets/show.html.erb within layouts/application
  Rendered planets/show.html.erb within layouts/application (0.8ms)
Completed 200 OK in 19ms (Views: 16.0ms | ActiveRecord: 0.1ms)


Started GET "/planets" for ::1 at 2020-01-07 15:06:57 +1100
Processing by PlanetsController#index as HTML
  Rendering planets/index.html.erb within layouts/application
  [1m[36mPlanet Load (0.2ms)[0m  [1m[34mSELECT "planets".* FROM "planets"[0m
  ↳ app/views/planets/index.html.erb:4
  Rendered planets/index.html.erb within layouts/application (1.5ms)
Completed 200 OK in 18ms (Views: 15.1ms | ActiveRecord: 0.2ms)


Started GET "/planets/8" for ::1 at 2020-01-07 15:06:59 +1100
Processing by PlanetsController#show as HTML
  Parameters: {"id"=>"8"}
  [1m[36mPlanet Load (0.4ms)[0m  [1m[34mSELECT  "planets".* FROM "planets" WHERE "planets"."id" = ? LIMIT ?[0m  [["id", 8], ["LIMIT", 1]]
  ↳ app/controllers/planets_controller.rb:13
  Rendering planets/show.html.erb within layouts/application
  Rendered planets/show.html.erb within layouts/application (0.6ms)
Completed 200 OK in 19ms (Views: 14.7ms | ActiveRecord: 0.4ms)


Started GET "/rails/info/routes" for ::1 at 2020-01-07 15:11:23 +1100
Processing by Rails::InfoController#routes as HTML
  Rendering /Users/jamiemcneill/.rvm/gems/ruby-2.4.1/gems/railties-5.2.4.1/lib/rails/templates/rails/info/routes.html.erb within layouts/application
  Rendered collection of /Users/jamiemcneill/.rvm/gems/ruby-2.4.1/gems/actionpack-5.2.4.1/lib/action_dispatch/middleware/templates/routes/_route.html.erb [3 times] (1.9ms)
  Rendered /Users/jamiemcneill/.rvm/gems/ruby-2.4.1/gems/actionpack-5.2.4.1/lib/action_dispatch/middleware/templates/routes/_table.html.erb (12.5ms)
  Rendered /Users/jamiemcneill/.rvm/gems/ruby-2.4.1/gems/railties-5.2.4.1/lib/rails/templates/rails/info/routes.html.erb within layouts/application (26.6ms)
Completed 200 OK in 289ms (Views: 79.1ms | ActiveRecord: 0.0ms)


Started GET "/planets/8" for ::1 at 2020-01-07 15:12:42 +1100
Processing by PlanetsController#show as HTML
  Parameters: {"id"=>"8"}
  [1m[36mPlanet Load (0.1ms)[0m  [1m[34mSELECT  "planets".* FROM "planets" WHERE "planets"."id" = ? LIMIT ?[0m  [["id", 8], ["LIMIT", 1]]
  ↳ app/controllers/planets_controller.rb:13
  Rendering planets/show.html.erb within layouts/application
  Rendered planets/show.html.erb within layouts/application (1.0ms)
Completed 200 OK in 28ms (Views: 14.2ms | ActiveRecord: 1.2ms)


Started GET "/planets/8" for ::1 at 2020-01-07 15:13:16 +1100
Processing by PlanetsController#show as HTML
  Parameters: {"id"=>"8"}
  [1m[36mPlanet Load (0.2ms)[0m  [1m[34mSELECT  "planets".* FROM "planets" WHERE "planets"."id" = ? LIMIT ?[0m  [["id", 8], ["LIMIT", 1]]
  ↳ app/controllers/planets_controller.rb:13
  Rendering planets/show.html.erb within layouts/application
  Rendered planets/show.html.erb within layouts/application (0.7ms)
Completed 200 OK in 27ms (Views: 21.8ms | ActiveRecord: 0.2ms)


Started GET "/planets/new" for ::1 at 2020-01-07 15:13:21 +1100
  
AbstractController::ActionNotFound (The action 'new' could not be found for PlanetsController):
  
actionpack (5.2.4.1) lib/abstract_controller/base.rb:129:in `process'
actionview (5.2.4.1) lib/action_view/rendering.rb:32:in `process'
actionpack (5.2.4.1) lib/action_controller/metal.rb:191:in `dispatch'
actionpack (5.2.4.1) lib/action_controller/metal.rb:252:in `dispatch'
actionpack (5.2.4.1) lib/action_dispatch/routing/route_set.rb:52:in `dispatch'
actionpack (5.2.4.1) lib/action_dispatch/routing/route_set.rb:34:in `serve'
actionpack (5.2.4.1) lib/action_dispatch/journey/router.rb:52:in `block in serve'
actionpack (5.2.4.1) lib/action_dispatch/journey/router.rb:35:in `each'
actionpack (5.2.4.1) lib/action_dispatch/journey/router.rb:35:in `serve'
actionpack (5.2.4.1) lib/action_dispatch/routing/route_set.rb:840:in `call'
rack (2.0.8) lib/rack/tempfile_reaper.rb:15:in `call'
rack (2.0.8) lib/rack/etag.rb:25:in `call'
rack (2.0.8) lib/rack/conditional_get.rb:25:in `call'
rack (2.0.8) lib/rack/head.rb:12:in `call'
actionpack (5.2.4.1) lib/action_dispatch/http/content_security_policy.rb:18:in `call'
rack (2.0.8) lib/rack/session/abstract/id.rb:259:in `context'
rack (2.0.8) lib/rack/session/abstract/id.rb:253:in `call'
actionpack (5.2.4.1) lib/action_dispatch/middleware/cookies.rb:670:in `call'
activerecord (5.2.4.1) lib/active_record/migration.rb:559:in `call'
actionpack (5.2.4.1) lib/action_dispatch/middleware/callbacks.rb:28:in `block in call'
activesupport (5.2.4.1) lib/active_support/callbacks.rb:98:in `run_callbacks'
actionpack (5.2.4.1) lib/action_dispatch/middleware/callbacks.rb:26:in `call'
actionpack (5.2.4.1) lib/action_dispatch/middleware/executor.rb:14:in `call'
actionpack (5.2.4.1) lib/action_dispatch/middleware/debug_exceptions.rb:61:in `call'
web-console (3.7.0) lib/web_console/middleware.rb:135:in `call_app'
web-console (3.7.0) lib/web_console/middleware.rb:30:in `block in call'
web-console (3.7.0) lib/web_console/middleware.rb:20:in `catch'
web-console (3.7.0) lib/web_console/middleware.rb:20:in `call'
actionpack (5.2.4.1) lib/action_dispatch/middleware/show_exceptions.rb:33:in `call'
railties (5.2.4.1) lib/rails/rack/logger.rb:38:in `call_app'
railties (5.2.4.1) lib/rails/rack/logger.rb:26:in `block in call'
activesupport (5.2.4.1) lib/active_support/tagged_logging.rb:71:in `block in tagged'
activesupport (5.2.4.1) lib/active_support/tagged_logging.rb:28:in `tagged'
activesupport (5.2.4.1) lib/active_support/tagged_logging.rb:71:in `tagged'
railties (5.2.4.1) lib/rails/rack/logger.rb:26:in `call'
sprockets-rails (3.2.1) lib/sprockets/rails/quiet_assets.rb:13:in `call'
actionpack (5.2.4.1) lib/action_dispatch/middleware/remote_ip.rb:81:in `call'
actionpack (5.2.4.1) lib/action_dispatch/middleware/request_id.rb:27:in `call'
rack (2.0.8) lib/rack/method_override.rb:22:in `call'
rack (2.0.8) lib/rack/runtime.rb:22:in `call'
activesupport (5.2.4.1) lib/active_support/cache/strategy/local_cache_middleware.rb:29:in `call'
actionpack (5.2.4.1) lib/action_dispatch/middleware/executor.rb:14:in `call'
actionpack (5.2.4.1) lib/action_dispatch/middleware/static.rb:127:in `call'
rack (2.0.8) lib/rack/sendfile.rb:111:in `call'
railties (5.2.4.1) lib/rails/engine.rb:524:in `call'
puma (3.12.2) lib/puma/configuration.rb:227:in `call'
puma (3.12.2) lib/puma/server.rb:674:in `handle_request'
puma (3.12.2) lib/puma/server.rb:476:in `process_client'
puma (3.12.2) lib/puma/server.rb:334:in `block in run'
puma (3.12.2) lib/puma/thread_pool.rb:135:in `block in spawn_thread'
Started GET "/planets/new" for ::1 at 2020-01-07 15:31:08 +1100
Processing by PlanetsController#new as HTML
  Rendering planets/new.html.erb within layouts/application
  Rendered planets/new.html.erb within layouts/application (0.7ms)
Completed 200 OK in 66ms (Views: 59.5ms | ActiveRecord: 0.0ms)


Started GET "/planets?name=1&image=2&orbit=3&diameter=4&mass=5&moons=6" for ::1 at 2020-01-07 15:31:30 +1100
Processing by PlanetsController#index as HTML
  Parameters: {"name"=>"1", "image"=>"2", "orbit"=>"3", "diameter"=>"4", "mass"=>"5", "moons"=>"6"}
  Rendering planets/index.html.erb within layouts/application
  [1m[36mPlanet Load (0.2ms)[0m  [1m[34mSELECT "planets".* FROM "planets"[0m
  ↳ app/views/planets/index.html.erb:4
  Rendered planets/index.html.erb within layouts/application (12.1ms)
Completed 200 OK in 71ms (Views: 60.6ms | ActiveRecord: 1.5ms)


Started GET "/planets?name=1&image=2&orbit=3&diameter=4&mass=5&moons=6" for ::1 at 2020-01-07 15:39:47 +1100
  [1m[35m (0.4ms)[0m  [1m[34mSELECT "schema_migrations"."version" FROM "schema_migrations" ORDER BY "schema_migrations"."version" ASC[0m
  ↳ /Users/jamiemcneill/.rvm/gems/ruby-2.4.1/gems/activerecord-5.2.4.1/lib/active_record/log_subscriber.rb:98
  
SyntaxError (/Users/jamiemcneill/sei/Sei_classwork/Week5/rails-planets/app/controllers/planets_controller.rb:4: syntax error, unexpected ':', expecting keyword_end
  skip_before_action : verify_authenticity_token, ra
                      ^):
  
app/controllers/planets_controller.rb:4: syntax error, unexpected ':', expecting keyword_end
Started GET "/planets?name=1&image=2&orbit=3&diameter=4&mass=5&moons=6" for ::1 at 2020-01-07 15:40:33 +1100
Processing by PlanetsController#index as HTML
  Parameters: {"name"=>"1", "image"=>"2", "orbit"=>"3", "diameter"=>"4", "mass"=>"5", "moons"=>"6"}
  Rendering planets/index.html.erb within layouts/application
  [1m[36mPlanet Load (0.2ms)[0m  [1m[34mSELECT "planets".* FROM "planets"[0m
  ↳ app/views/planets/index.html.erb:4
  Rendered planets/index.html.erb within layouts/application (8.2ms)
Completed 200 OK in 891ms (Views: 884.0ms | ActiveRecord: 0.7ms)


Started GET "/planets?name=1&image=2&orbit=3&diameter=4&mass=5&moons=6" for ::1 at 2020-01-07 15:41:02 +1100
Processing by PlanetsController#index as HTML
  Parameters: {"name"=>"1", "image"=>"2", "orbit"=>"3", "diameter"=>"4", "mass"=>"5", "moons"=>"6"}
  Rendering planets/index.html.erb within layouts/application
  [1m[36mPlanet Load (0.2ms)[0m  [1m[34mSELECT "planets".* FROM "planets"[0m
  ↳ app/views/planets/index.html.erb:4
  Rendered planets/index.html.erb within layouts/application (1.7ms)
Completed 200 OK in 25ms (Views: 20.2ms | ActiveRecord: 0.2ms)


Started GET "/planets?name=1&image=2&orbit=3&diameter=4&mass=5&moons=6" for ::1 at 2020-01-07 15:41:18 +1100
Processing by PlanetsController#index as HTML
  Parameters: {"name"=>"1", "image"=>"2", "orbit"=>"3", "diameter"=>"4", "mass"=>"5", "moons"=>"6"}
  Rendering planets/index.html.erb within layouts/application
  [1m[36mPlanet Load (0.1ms)[0m  [1m[34mSELECT "planets".* FROM "planets"[0m
  ↳ app/views/planets/index.html.erb:4
  Rendered planets/index.html.erb within layouts/application (1.5ms)
Completed 200 OK in 25ms (Views: 19.8ms | ActiveRecord: 0.1ms)


Started GET "/planets/new" for ::1 at 2020-01-07 15:41:29 +1100
Processing by PlanetsController#new as HTML
  Rendering planets/new.html.erb within layouts/application
  Rendered planets/new.html.erb within layouts/application (1.1ms)
Completed 200 OK in 23ms (Views: 16.2ms | ActiveRecord: 0.0ms)


Started GET "/planets?name=lnsdfk&image=hlh&orbit=7&diameter=6&mass=5&moons=5" for ::1 at 2020-01-07 15:41:52 +1100
Processing by PlanetsController#index as HTML
  Parameters: {"name"=>"lnsdfk", "image"=>"hlh", "orbit"=>"7", "diameter"=>"6", "mass"=>"5", "moons"=>"5"}
  Rendering planets/index.html.erb within layouts/application
  [1m[36mPlanet Load (0.2ms)[0m  [1m[34mSELECT "planets".* FROM "planets"[0m
  ↳ app/views/planets/index.html.erb:4
  Rendered planets/index.html.erb within layouts/application (27.3ms)
Completed 200 OK in 48ms (Views: 43.4ms | ActiveRecord: 0.8ms)


Started GET "/planets?name=lnsdfk&image=hlh&orbit=7&diameter=6&mass=5&moons=5" for ::1 at 2020-01-07 15:42:01 +1100
Processing by PlanetsController#index as HTML
  Parameters: {"name"=>"lnsdfk", "image"=>"hlh", "orbit"=>"7", "diameter"=>"6", "mass"=>"5", "moons"=>"5"}
  Rendering planets/index.html.erb within layouts/application
  [1m[36mPlanet Load (0.3ms)[0m  [1m[34mSELECT "planets".* FROM "planets"[0m
  ↳ app/views/planets/index.html.erb:4
  Rendered planets/index.html.erb within layouts/application (2.0ms)
Completed 200 OK in 24ms (Views: 18.3ms | ActiveRecord: 0.3ms)


  [1m[36mPlanet Load (0.1ms)[0m  [1m[34mSELECT "planets".* FROM "planets"[0m
Started GET "/planets?name=lnsdfk&image=hlh&orbit=7&diameter=6&mass=5&moons=5" for ::1 at 2020-01-07 15:43:16 +1100
Processing by PlanetsController#index as HTML
  Parameters: {"name"=>"lnsdfk", "image"=>"hlh", "orbit"=>"7", "diameter"=>"6", "mass"=>"5", "moons"=>"5"}
  Rendering planets/index.html.erb within layouts/application
  [1m[36mPlanet Load (0.5ms)[0m  [1m[34mSELECT "planets".* FROM "planets"[0m
  ↳ app/views/planets/index.html.erb:4
  Rendered planets/index.html.erb within layouts/application (17.7ms)
Completed 200 OK in 68ms (Views: 63.3ms | ActiveRecord: 1.5ms)


Started GET "/planets/new" for ::1 at 2020-01-07 15:43:18 +1100
Processing by PlanetsController#new as HTML
  Rendering planets/new.html.erb within layouts/application
  Rendered planets/new.html.erb within layouts/application (0.6ms)
Completed 200 OK in 48ms (Views: 39.8ms | ActiveRecord: 0.0ms)


Started GET "/planets/new" for ::1 at 2020-01-07 15:43:37 +1100
Processing by PlanetsController#new as HTML
  Rendering planets/new.html.erb within layouts/application
  Rendered planets/new.html.erb within layouts/application (1.1ms)
Completed 200 OK in 28ms (Views: 25.3ms | ActiveRecord: 0.0ms)


Started GET "/planets?name=dgds&image=dsf&orbit=1&diameter=3&mass=5&moons=6" for ::1 at 2020-01-07 15:43:44 +1100
Processing by PlanetsController#index as HTML
  Parameters: {"name"=>"dgds", "image"=>"dsf", "orbit"=>"1", "diameter"=>"3", "mass"=>"5", "moons"=>"6"}
  Rendering planets/index.html.erb within layouts/application
  [1m[36mPlanet Load (0.2ms)[0m  [1m[34mSELECT "planets".* FROM "planets"[0m
  ↳ app/views/planets/index.html.erb:4
  Rendered planets/index.html.erb within layouts/application (13.5ms)
Completed 200 OK in 45ms (Views: 30.5ms | ActiveRecord: 1.1ms)


Started GET "/rails/info/routes" for ::1 at 2020-01-07 15:44:20 +1100
Processing by Rails::InfoController#routes as HTML
  Rendering /Users/jamiemcneill/.rvm/gems/ruby-2.4.1/gems/railties-5.2.4.1/lib/rails/templates/rails/info/routes.html.erb within layouts/application
  Rendered collection of /Users/jamiemcneill/.rvm/gems/ruby-2.4.1/gems/actionpack-5.2.4.1/lib/action_dispatch/middleware/templates/routes/_route.html.erb [4 times] (1.9ms)
  Rendered /Users/jamiemcneill/.rvm/gems/ruby-2.4.1/gems/actionpack-5.2.4.1/lib/action_dispatch/middleware/templates/routes/_table.html.erb (8.2ms)
  Rendered /Users/jamiemcneill/.rvm/gems/ruby-2.4.1/gems/railties-5.2.4.1/lib/rails/templates/rails/info/routes.html.erb within layouts/application (18.0ms)
Completed 200 OK in 35ms (Views: 29.3ms | ActiveRecord: 0.0ms)


Started GET "/planets?name=dgds&image=dsf&orbit=1&diameter=3&mass=5&moons=6" for ::1 at 2020-01-07 15:44:59 +1100
Processing by PlanetsController#index as HTML
  Parameters: {"name"=>"dgds", "image"=>"dsf", "orbit"=>"1", "diameter"=>"3", "mass"=>"5", "moons"=>"6"}
  Rendering planets/index.html.erb within layouts/application
  [1m[36mPlanet Load (0.3ms)[0m  [1m[34mSELECT "planets".* FROM "planets"[0m
  ↳ app/views/planets/index.html.erb:4
  Rendered planets/index.html.erb within layouts/application (17.6ms)
Completed 200 OK in 53ms (Views: 47.0ms | ActiveRecord: 1.6ms)


Started GET "/planets/new" for ::1 at 2020-01-07 15:45:00 +1100
Processing by PlanetsController#new as HTML
  Rendering planets/new.html.erb within layouts/application
  Rendered planets/new.html.erb within layouts/application (0.6ms)
Completed 200 OK in 33ms (Views: 29.1ms | ActiveRecord: 0.0ms)


Started POST "/planets" for ::1 at 2020-01-07 15:45:08 +1100
Processing by PlanetsController#create as HTML
  Parameters: {"name"=>"sdfsdfs", "image"=>"sdgs", "orbit"=>"4", "diameter"=>"4", "mass"=>"5", "moons"=>"7"}
Completed 500 Internal Server Error in 1ms (ActiveRecord: 0.0ms)


  
RuntimeError (hell):
  
app/controllers/planets_controller.rb:19:in `create'
Started POST "/planets" for ::1 at 2020-01-07 15:45:20 +1100
Processing by PlanetsController#create as HTML
  Parameters: {"name"=>"sdfsdfs", "image"=>"sdgs", "orbit"=>"4", "diameter"=>"4", "mass"=>"5", "moons"=>"7"}
  [1m[35m (0.1ms)[0m  [1m[36mbegin transaction[0m
  ↳ app/controllers/planets_controller.rb:18
  [1m[36mPlanet Create (0.7ms)[0m  [1m[32mINSERT INTO "planets" ("name", "image", "orbit", "diameter", "mass", "moons") VALUES (?, ?, ?, ?, ?, ?)[0m  [["name", "sdfsdfs"], ["image", "sdgs"], ["orbit", 4.0], ["diameter", 4.0], ["mass", 5.0], ["moons", 7]]
  ↳ app/controllers/planets_controller.rb:18
  [1m[35m (0.9ms)[0m  [1m[36mcommit transaction[0m
  ↳ app/controllers/planets_controller.rb:18
Redirected to http://localhost:3000planets_path
Completed 302 Found in 17ms (ActiveRecord: 2.6ms)


Started POST "/planets" for ::1 at 2020-01-07 15:45:24 +1100
Processing by PlanetsController#create as HTML
  Parameters: {"name"=>"sdfsdfs", "image"=>"sdgs", "orbit"=>"4", "diameter"=>"4", "mass"=>"5", "moons"=>"7"}
  [1m[35m (0.1ms)[0m  [1m[36mbegin transaction[0m
  ↳ app/controllers/planets_controller.rb:18
  [1m[36mPlanet Create (0.5ms)[0m  [1m[32mINSERT INTO "planets" ("name", "image", "orbit", "diameter", "mass", "moons") VALUES (?, ?, ?, ?, ?, ?)[0m  [["name", "sdfsdfs"], ["image", "sdgs"], ["orbit", 4.0], ["diameter", 4.0], ["mass", 5.0], ["moons", 7]]
  ↳ app/controllers/planets_controller.rb:18
  [1m[35m (3.5ms)[0m  [1m[36mcommit transaction[0m
  ↳ app/controllers/planets_controller.rb:18
Redirected to http://localhost:3000planets_path
Completed 302 Found in 6ms (ActiveRecord: 4.1ms)


Started POST "/planets" for ::1 at 2020-01-07 15:45:30 +1100
Processing by PlanetsController#create as HTML
  Parameters: {"name"=>"sdfsdfs", "image"=>"sdgs", "orbit"=>"4", "diameter"=>"4", "mass"=>"5", "moons"=>"7"}
  [1m[35m (0.1ms)[0m  [1m[36mbegin transaction[0m
  ↳ app/controllers/planets_controller.rb:18
  [1m[36mPlanet Create (1.3ms)[0m  [1m[32mINSERT INTO "planets" ("name", "image", "orbit", "diameter", "mass", "moons") VALUES (?, ?, ?, ?, ?, ?)[0m  [["name", "sdfsdfs"], ["image", "sdgs"], ["orbit", 4.0], ["diameter", 4.0], ["mass", 5.0], ["moons", 7]]
  ↳ app/controllers/planets_controller.rb:18
  [1m[35m (1.4ms)[0m  [1m[36mcommit transaction[0m
  ↳ app/controllers/planets_controller.rb:18
Redirected to http://localhost:3000planets_path
Completed 302 Found in 7ms (ActiveRecord: 2.7ms)


Started GET "/planets?name=dgds&image=dsf&orbit=1&diameter=3&mass=5&moons=6" for ::1 at 2020-01-07 15:45:35 +1100
Processing by PlanetsController#index as HTML
  Parameters: {"name"=>"dgds", "image"=>"dsf", "orbit"=>"1", "diameter"=>"3", "mass"=>"5", "moons"=>"6"}
  Rendering planets/index.html.erb within layouts/application
  [1m[36mPlanet Load (0.2ms)[0m  [1m[34mSELECT "planets".* FROM "planets"[0m
  ↳ app/views/planets/index.html.erb:4
  Rendered planets/index.html.erb within layouts/application (1.9ms)
Completed 200 OK in 19ms (Views: 15.8ms | ActiveRecord: 0.2ms)


Started GET "/planets/new" for ::1 at 2020-01-07 15:45:43 +1100
Processing by PlanetsController#new as HTML
  Rendering planets/new.html.erb within layouts/application
  Rendered planets/new.html.erb within layouts/application (0.5ms)
Completed 200 OK in 24ms (Views: 18.6ms | ActiveRecord: 0.0ms)


Started POST "/planets" for ::1 at 2020-01-07 15:46:11 +1100
Processing by PlanetsController#create as HTML
  Parameters: {"name"=>"andromeder", "image"=>"http", "orbit"=>"29", "diameter"=>"1", "mass"=>"20", "moons"=>""}
  [1m[35m (0.1ms)[0m  [1m[36mbegin transaction[0m
  ↳ app/controllers/planets_controller.rb:18
  [1m[36mPlanet Create (0.6ms)[0m  [1m[32mINSERT INTO "planets" ("name", "image", "orbit", "diameter", "mass") VALUES (?, ?, ?, ?, ?)[0m  [["name", "andromeder"], ["image", "http"], ["orbit", 29.0], ["diameter", 1.0], ["mass", 20.0]]
  ↳ app/controllers/planets_controller.rb:18
  [1m[35m (8.7ms)[0m  [1m[36mcommit transaction[0m
  ↳ app/controllers/planets_controller.rb:18
Redirected to http://localhost:3000planets_path
Completed 302 Found in 14ms (ActiveRecord: 9.5ms)


Started GET "/planets" for ::1 at 2020-01-07 15:46:17 +1100
Processing by PlanetsController#index as HTML
  Rendering planets/index.html.erb within layouts/application
  [1m[36mPlanet Load (0.6ms)[0m  [1m[34mSELECT "planets".* FROM "planets"[0m
  ↳ app/views/planets/index.html.erb:4
  Rendered planets/index.html.erb within layouts/application (2.9ms)
Completed 200 OK in 20ms (Views: 15.8ms | ActiveRecord: 0.6ms)


Started GET "/planets/new" for ::1 at 2020-01-07 15:46:30 +1100
Processing by PlanetsController#new as HTML
  Rendering planets/new.html.erb within layouts/application
  Rendered planets/new.html.erb within layouts/application (0.7ms)
Completed 200 OK in 107ms (Views: 101.3ms | ActiveRecord: 0.0ms)


Started GET "/rails/info/routes" for ::1 at 2020-01-07 15:46:48 +1100
Processing by Rails::InfoController#routes as HTML
  Rendering /Users/jamiemcneill/.rvm/gems/ruby-2.4.1/gems/railties-5.2.4.1/lib/rails/templates/rails/info/routes.html.erb within layouts/application
  Rendered collection of /Users/jamiemcneill/.rvm/gems/ruby-2.4.1/gems/actionpack-5.2.4.1/lib/action_dispatch/middleware/templates/routes/_route.html.erb [4 times] (1.9ms)
  Rendered /Users/jamiemcneill/.rvm/gems/ruby-2.4.1/gems/actionpack-5.2.4.1/lib/action_dispatch/middleware/templates/routes/_table.html.erb (1.0ms)
  Rendered /Users/jamiemcneill/.rvm/gems/ruby-2.4.1/gems/railties-5.2.4.1/lib/rails/templates/rails/info/routes.html.erb within layouts/application (9.7ms)
Completed 200 OK in 36ms (Views: 26.2ms | ActiveRecord: 0.0ms)


Started POST "/planets" for ::1 at 2020-01-07 15:47:16 +1100
Processing by PlanetsController#create as HTML
  Parameters: {"name"=>"Plutometder", "image"=>"ndjsi", "orbit"=>"2", "diameter"=>"5", "mass"=>"7", "moons"=>"3"}
  [1m[35m (0.0ms)[0m  [1m[36mbegin transaction[0m
  ↳ app/controllers/planets_controller.rb:18
  [1m[36mPlanet Create (0.8ms)[0m  [1m[32mINSERT INTO "planets" ("name", "image", "orbit", "diameter", "mass", "moons") VALUES (?, ?, ?, ?, ?, ?)[0m  [["name", "Plutometder"], ["image", "ndjsi"], ["orbit", 2.0], ["diameter", 5.0], ["mass", 7.0], ["moons", 3]]
  ↳ app/controllers/planets_controller.rb:18
  [1m[35m (1.3ms)[0m  [1m[36mcommit transaction[0m
  ↳ app/controllers/planets_controller.rb:18
Redirected to http://localhost:3000/planets
Completed 302 Found in 34ms (ActiveRecord: 2.8ms)


Started GET "/planets" for ::1 at 2020-01-07 15:47:16 +1100
Processing by PlanetsController#index as HTML
  Rendering planets/index.html.erb within layouts/application
  [1m[36mPlanet Load (0.2ms)[0m  [1m[34mSELECT "planets".* FROM "planets"[0m
  ↳ app/views/planets/index.html.erb:4
  Rendered planets/index.html.erb within layouts/application (1.7ms)
Completed 200 OK in 18ms (Views: 15.2ms | ActiveRecord: 0.2ms)


Started GET "/planets/23/edit" for ::1 at 2020-01-07 16:03:03 +1100
  
AbstractController::ActionNotFound (The action 'edit' could not be found for PlanetsController):
  
actionpack (5.2.4.1) lib/abstract_controller/base.rb:129:in `process'
actionview (5.2.4.1) lib/action_view/rendering.rb:32:in `process'
actionpack (5.2.4.1) lib/action_controller/metal.rb:191:in `dispatch'
actionpack (5.2.4.1) lib/action_controller/metal.rb:252:in `dispatch'
actionpack (5.2.4.1) lib/action_dispatch/routing/route_set.rb:52:in `dispatch'
actionpack (5.2.4.1) lib/action_dispatch/routing/route_set.rb:34:in `serve'
actionpack (5.2.4.1) lib/action_dispatch/journey/router.rb:52:in `block in serve'
actionpack (5.2.4.1) lib/action_dispatch/journey/router.rb:35:in `each'
actionpack (5.2.4.1) lib/action_dispatch/journey/router.rb:35:in `serve'
actionpack (5.2.4.1) lib/action_dispatch/routing/route_set.rb:840:in `call'
rack (2.0.8) lib/rack/tempfile_reaper.rb:15:in `call'
rack (2.0.8) lib/rack/etag.rb:25:in `call'
rack (2.0.8) lib/rack/conditional_get.rb:25:in `call'
rack (2.0.8) lib/rack/head.rb:12:in `call'
actionpack (5.2.4.1) lib/action_dispatch/http/content_security_policy.rb:18:in `call'
rack (2.0.8) lib/rack/session/abstract/id.rb:259:in `context'
rack (2.0.8) lib/rack/session/abstract/id.rb:253:in `call'
actionpack (5.2.4.1) lib/action_dispatch/middleware/cookies.rb:670:in `call'
activerecord (5.2.4.1) lib/active_record/migration.rb:559:in `call'
actionpack (5.2.4.1) lib/action_dispatch/middleware/callbacks.rb:28:in `block in call'
activesupport (5.2.4.1) lib/active_support/callbacks.rb:98:in `run_callbacks'
actionpack (5.2.4.1) lib/action_dispatch/middleware/callbacks.rb:26:in `call'
actionpack (5.2.4.1) lib/action_dispatch/middleware/executor.rb:14:in `call'
actionpack (5.2.4.1) lib/action_dispatch/middleware/debug_exceptions.rb:61:in `call'
web-console (3.7.0) lib/web_console/middleware.rb:135:in `call_app'
web-console (3.7.0) lib/web_console/middleware.rb:30:in `block in call'
web-console (3.7.0) lib/web_console/middleware.rb:20:in `catch'
web-console (3.7.0) lib/web_console/middleware.rb:20:in `call'
actionpack (5.2.4.1) lib/action_dispatch/middleware/show_exceptions.rb:33:in `call'
railties (5.2.4.1) lib/rails/rack/logger.rb:38:in `call_app'
railties (5.2.4.1) lib/rails/rack/logger.rb:26:in `block in call'
activesupport (5.2.4.1) lib/active_support/tagged_logging.rb:71:in `block in tagged'
activesupport (5.2.4.1) lib/active_support/tagged_logging.rb:28:in `tagged'
activesupport (5.2.4.1) lib/active_support/tagged_logging.rb:71:in `tagged'
railties (5.2.4.1) lib/rails/rack/logger.rb:26:in `call'
sprockets-rails (3.2.1) lib/sprockets/rails/quiet_assets.rb:13:in `call'
actionpack (5.2.4.1) lib/action_dispatch/middleware/remote_ip.rb:81:in `call'
actionpack (5.2.4.1) lib/action_dispatch/middleware/request_id.rb:27:in `call'
rack (2.0.8) lib/rack/method_override.rb:22:in `call'
rack (2.0.8) lib/rack/runtime.rb:22:in `call'
activesupport (5.2.4.1) lib/active_support/cache/strategy/local_cache_middleware.rb:29:in `call'
actionpack (5.2.4.1) lib/action_dispatch/middleware/executor.rb:14:in `call'
actionpack (5.2.4.1) lib/action_dispatch/middleware/static.rb:127:in `call'
rack (2.0.8) lib/rack/sendfile.rb:111:in `call'
railties (5.2.4.1) lib/rails/engine.rb:524:in `call'
puma (3.12.2) lib/puma/configuration.rb:227:in `call'
puma (3.12.2) lib/puma/server.rb:674:in `handle_request'
puma (3.12.2) lib/puma/server.rb:476:in `process_client'
puma (3.12.2) lib/puma/server.rb:334:in `block in run'
puma (3.12.2) lib/puma/thread_pool.rb:135:in `block in spawn_thread'
Started GET "/planets/2/edit" for ::1 at 2020-01-07 16:22:49 +1100
  
SyntaxError (/Users/jamiemcneill/sei/Sei_classwork/Week5/rails-planets/app/controllers/planets_controller.rb:71: syntax error, unexpected end-of-input, expecting keyword_end):
  
app/controllers/planets_controller.rb:71: syntax error, unexpected end-of-input, expecting keyword_end
Started GET "/planets/2/edit" for ::1 at 2020-01-07 16:23:32 +1100
Processing by PlanetsController#edit as HTML
  Parameters: {"id"=>"2"}
  [1m[36mPlanet Load (0.2ms)[0m  [1m[34mSELECT  "planets".* FROM "planets" WHERE "planets"."id" = ? LIMIT ?[0m  [["id", 2], ["LIMIT", 1]]
  ↳ app/controllers/planets_controller.rb:51
Completed 404 Not Found in 9ms (ActiveRecord: 1.4ms)


  
ActiveRecord::RecordNotFound (Couldn't find Planet with 'id'=2):
  
app/controllers/planets_controller.rb:51:in `edit'
Started GET "/planets/8" for ::1 at 2020-01-07 16:23:47 +1100
Processing by PlanetsController#show as HTML
  Parameters: {"id"=>"8"}
  [1m[36mPlanet Load (0.2ms)[0m  [1m[34mSELECT  "planets".* FROM "planets" WHERE "planets"."id" = ? LIMIT ?[0m  [["id", 8], ["LIMIT", 1]]
  ↳ app/controllers/planets_controller.rb:41
  Rendering planets/show.html.erb within layouts/application
  Rendered planets/show.html.erb within layouts/application (0.9ms)
Completed 200 OK in 35ms (Views: 24.0ms | ActiveRecord: 0.2ms)


Started GET "/planets/8/edit" for ::1 at 2020-01-07 16:23:49 +1100
Processing by PlanetsController#edit as HTML
  Parameters: {"id"=>"8"}
  [1m[36mPlanet Load (0.2ms)[0m  [1m[34mSELECT  "planets".* FROM "planets" WHERE "planets"."id" = ? LIMIT ?[0m  [["id", 8], ["LIMIT", 1]]
  ↳ app/controllers/planets_controller.rb:51
  Rendering planets/edit.html.erb within layouts/application
  Rendered planets/edit.html.erb within layouts/application (0.8ms)
Completed 200 OK in 27ms (Views: 23.0ms | ActiveRecord: 0.2ms)


Started POST "/planets/8" for ::1 at 2020-01-07 16:23:57 +1100
Processing by PlanetsController#update as HTML
  Parameters: {"name"=>"2", "image"=>"https://scitechdaily.com/images/earth-losing-mass.jpg", "orbit"=>"1.0", "diameter"=>"1.0", "mass"=>"1.0", "moons"=>"1", "id"=>"8"}
  [1m[36mPlanet Load (0.2ms)[0m  [1m[34mSELECT  "planets".* FROM "planets" WHERE "planets"."id" = ? LIMIT ?[0m  [["id", 8], ["LIMIT", 1]]
  ↳ app/controllers/planets_controller.rb:59
  [1m[35m (0.0ms)[0m  [1m[36mbegin transaction[0m
  ↳ app/controllers/planets_controller.rb:60
  [1m[36mPlanet Update (0.6ms)[0m  [1m[33mUPDATE "planets" SET "name" = ? WHERE "planets"."id" = ?[0m  [["name", "2"], ["id", 8]]
  ↳ app/controllers/planets_controller.rb:60
  [1m[35m (1.6ms)[0m  [1m[36mcommit transaction[0m
  ↳ app/controllers/planets_controller.rb:60
No template found for PlanetsController#update, rendering head :no_content
Completed 204 No Content in 494ms (ActiveRecord: 2.4ms)


Started POST "/planets/8" for ::1 at 2020-01-07 16:23:59 +1100
Processing by PlanetsController#update as HTML
  Parameters: {"name"=>"2", "image"=>"https://scitechdaily.com/images/earth-losing-mass.jpg", "orbit"=>"1.0", "diameter"=>"1.0", "mass"=>"1.0", "moons"=>"1", "id"=>"8"}
  [1m[36mPlanet Load (0.3ms)[0m  [1m[34mSELECT  "planets".* FROM "planets" WHERE "planets"."id" = ? LIMIT ?[0m  [["id", 8], ["LIMIT", 1]]
  ↳ app/controllers/planets_controller.rb:59
  [1m[35m (0.0ms)[0m  [1m[36mbegin transaction[0m
  ↳ app/controllers/planets_controller.rb:60
  [1m[35m (0.0ms)[0m  [1m[36mcommit transaction[0m
  ↳ app/controllers/planets_controller.rb:60
No template found for PlanetsController#update, rendering head :no_content
Completed 204 No Content in 133ms (ActiveRecord: 0.4ms)


Started POST "/planets/8" for ::1 at 2020-01-07 16:24:00 +1100
Processing by PlanetsController#update as HTML
  Parameters: {"name"=>"2", "image"=>"https://scitechdaily.com/images/earth-losing-mass.jpg", "orbit"=>"1.0", "diameter"=>"1.0", "mass"=>"1.0", "moons"=>"1", "id"=>"8"}
  [1m[36mPlanet Load (0.1ms)[0m  [1m[34mSELECT  "planets".* FROM "planets" WHERE "planets"."id" = ? LIMIT ?[0m  [["id", 8], ["LIMIT", 1]]
  ↳ app/controllers/planets_controller.rb:59
  [1m[35m (0.0ms)[0m  [1m[36mbegin transaction[0m
  ↳ app/controllers/planets_controller.rb:60
  [1m[35m (0.0ms)[0m  [1m[36mcommit transaction[0m
  ↳ app/controllers/planets_controller.rb:60
No template found for PlanetsController#update, rendering head :no_content
Completed 204 No Content in 139ms (ActiveRecord: 0.2ms)


Started POST "/planets/8" for ::1 at 2020-01-07 16:24:00 +1100
Processing by PlanetsController#update as HTML
  Parameters: {"name"=>"2", "image"=>"https://scitechdaily.com/images/earth-losing-mass.jpg", "orbit"=>"1.0", "diameter"=>"1.0", "mass"=>"1.0", "moons"=>"1", "id"=>"8"}
  [1m[36mPlanet Load (0.2ms)[0m  [1m[34mSELECT  "planets".* FROM "planets" WHERE "planets"."id" = ? LIMIT ?[0m  [["id", 8], ["LIMIT", 1]]
  ↳ app/controllers/planets_controller.rb:59
  [1m[35m (0.0ms)[0m  [1m[36mbegin transaction[0m
  ↳ app/controllers/planets_controller.rb:60
  [1m[35m (0.2ms)[0m  [1m[36mcommit transaction[0m
  ↳ app/controllers/planets_controller.rb:60
No template found for PlanetsController#update, rendering head :no_content
Completed 204 No Content in 140ms (ActiveRecord: 0.4ms)


Started POST "/planets/8" for ::1 at 2020-01-07 16:24:00 +1100
Processing by PlanetsController#update as HTML
  Parameters: {"name"=>"2", "image"=>"https://scitechdaily.com/images/earth-losing-mass.jpg", "orbit"=>"1.0", "diameter"=>"1.0", "mass"=>"1.0", "moons"=>"1", "id"=>"8"}
  [1m[36mPlanet Load (0.1ms)[0m  [1m[34mSELECT  "planets".* FROM "planets" WHERE "planets"."id" = ? LIMIT ?[0m  [["id", 8], ["LIMIT", 1]]
  ↳ app/controllers/planets_controller.rb:59
  [1m[35m (0.0ms)[0m  [1m[36mbegin transaction[0m
  ↳ app/controllers/planets_controller.rb:60
  [1m[35m (0.0ms)[0m  [1m[36mcommit transaction[0m
  ↳ app/controllers/planets_controller.rb:60
No template found for PlanetsController#update, rendering head :no_content
Completed 204 No Content in 136ms (ActiveRecord: 0.2ms)


Started GET "/planets/8" for ::1 at 2020-01-07 16:24:24 +1100
Processing by PlanetsController#show as HTML
  Parameters: {"id"=>"8"}
  [1m[36mPlanet Load (0.3ms)[0m  [1m[34mSELECT  "planets".* FROM "planets" WHERE "planets"."id" = ? LIMIT ?[0m  [["id", 8], ["LIMIT", 1]]
  ↳ app/controllers/planets_controller.rb:41
  Rendering planets/show.html.erb within layouts/application
  Rendered planets/show.html.erb within layouts/application (0.8ms)
Completed 200 OK in 28ms (Views: 22.7ms | ActiveRecord: 0.3ms)


Started GET "/planets/8/edit" for ::1 at 2020-01-07 16:24:27 +1100
Processing by PlanetsController#edit as HTML
  Parameters: {"id"=>"8"}
  [1m[36mPlanet Load (0.2ms)[0m  [1m[34mSELECT  "planets".* FROM "planets" WHERE "planets"."id" = ? LIMIT ?[0m  [["id", 8], ["LIMIT", 1]]
  ↳ app/controllers/planets_controller.rb:51
  Rendering planets/edit.html.erb within layouts/application
  Rendered planets/edit.html.erb within layouts/application (1.3ms)
Completed 200 OK in 20ms (Views: 16.4ms | ActiveRecord: 0.2ms)


Started POST "/planets/8" for ::1 at 2020-01-07 16:24:31 +1100
Processing by PlanetsController#update as HTML
  Parameters: {"name"=>"3", "image"=>"https://scitechdaily.com/images/earth-losing-mass.jpg", "orbit"=>"1.0", "diameter"=>"1.0", "mass"=>"1.0", "moons"=>"1", "id"=>"8"}
  [1m[36mPlanet Load (0.3ms)[0m  [1m[34mSELECT  "planets".* FROM "planets" WHERE "planets"."id" = ? LIMIT ?[0m  [["id", 8], ["LIMIT", 1]]
  ↳ app/controllers/planets_controller.rb:59
  [1m[35m (0.1ms)[0m  [1m[36mbegin transaction[0m
  ↳ app/controllers/planets_controller.rb:60
  [1m[36mPlanet Update (0.7ms)[0m  [1m[33mUPDATE "planets" SET "name" = ? WHERE "planets"."id" = ?[0m  [["name", "3"], ["id", 8]]
  ↳ app/controllers/planets_controller.rb:60
  [1m[35m (1.0ms)[0m  [1m[36mcommit transaction[0m
  ↳ app/controllers/planets_controller.rb:60
Started POST "/planets/8" for ::1 at 2020-01-07 16:24:32 +1100
Started POST "/planets/8" for ::1 at 2020-01-07 16:24:32 +1100
Processing by PlanetsController#update as HTML
No template found for PlanetsController#update, rendering head :no_content
Processing by PlanetsController#update as HTML
  Parameters: {"name"=>"3", "image"=>"https://scitechdaily.com/images/earth-losing-mass.jpg", "orbit"=>"1.0", "diameter"=>"1.0", "mass"=>"1.0", "moons"=>"1", "id"=>"8"}
Completed 204 No Content in 614ms (ActiveRecord: 2.1ms)


  Parameters: {"name"=>"3", "image"=>"https://scitechdaily.com/images/earth-losing-mass.jpg", "orbit"=>"1.0", "diameter"=>"1.0", "mass"=>"1.0", "moons"=>"1", "id"=>"8"}
  [1m[36mPlanet Load (0.3ms)[0m  [1m[34mSELECT  "planets".* FROM "planets" WHERE "planets"."id" = ? LIMIT ?[0m  [["id", 8], ["LIMIT", 1]]
  [1m[36mPlanet Load (0.2ms)[0m  [1m[34mSELECT  "planets".* FROM "planets" WHERE "planets"."id" = ? LIMIT ?[0m  [["id", 8], ["LIMIT", 1]]
  ↳ app/controllers/planets_controller.rb:59
  ↳ app/controllers/planets_controller.rb:59
  [1m[35m (0.1ms)[0m  [1m[36mbegin transaction[0m
  [1m[35m (0.0ms)[0m  [1m[36mbegin transaction[0m
  ↳ app/controllers/planets_controller.rb:60
  ↳ app/controllers/planets_controller.rb:60
  [1m[35m (0.0ms)[0m  [1m[36mcommit transaction[0m
  [1m[35m (0.0ms)[0m  [1m[36mcommit transaction[0m
  ↳ app/controllers/planets_controller.rb:60
  ↳ app/controllers/planets_controller.rb:60
No template found for PlanetsController#update, rendering head :no_content
Completed 204 No Content in 337ms (ActiveRecord: 0.4ms)


No template found for PlanetsController#update, rendering head :no_content
Completed 204 No Content in 425ms (ActiveRecord: 0.3ms)


Started GET "/planets/2/edit" for ::1 at 2020-01-07 16:24:36 +1100
Processing by PlanetsController#edit as HTML
  Parameters: {"id"=>"2"}
  [1m[36mPlanet Load (0.2ms)[0m  [1m[34mSELECT  "planets".* FROM "planets" WHERE "planets"."id" = ? LIMIT ?[0m  [["id", 2], ["LIMIT", 1]]
  ↳ app/controllers/planets_controller.rb:51
Completed 404 Not Found in 2ms (ActiveRecord: 0.2ms)


  
ActiveRecord::RecordNotFound (Couldn't find Planet with 'id'=2):
  
app/controllers/planets_controller.rb:51:in `edit'
Started GET "/planets/8" for ::1 at 2020-01-07 16:25:05 +1100
Processing by PlanetsController#show as HTML
  Parameters: {"id"=>"8"}
  [1m[36mPlanet Load (0.2ms)[0m  [1m[34mSELECT  "planets".* FROM "planets" WHERE "planets"."id" = ? LIMIT ?[0m  [["id", 8], ["LIMIT", 1]]
  ↳ app/controllers/planets_controller.rb:41
  Rendering planets/show.html.erb within layouts/application
  Rendered planets/show.html.erb within layouts/application (0.8ms)
Completed 200 OK in 24ms (Views: 19.2ms | ActiveRecord: 0.2ms)


Started GET "/planets" for ::1 at 2020-01-07 16:25:07 +1100
Processing by PlanetsController#index as HTML
  Rendering planets/index.html.erb within layouts/application
  [1m[36mPlanet Load (0.2ms)[0m  [1m[34mSELECT "planets".* FROM "planets"[0m
  ↳ app/views/planets/index.html.erb:4
  Rendered planets/index.html.erb within layouts/application (2.0ms)
Completed 200 OK in 25ms (Views: 19.6ms | ActiveRecord: 0.2ms)


Started GET "/planets" for ::1 at 2020-01-07 16:25:07 +1100
Processing by PlanetsController#index as HTML
  Rendering planets/index.html.erb within layouts/application
  [1m[36mPlanet Load (0.1ms)[0m  [1m[34mSELECT "planets".* FROM "planets"[0m
  ↳ app/views/planets/index.html.erb:4
  Rendered planets/index.html.erb within layouts/application (1.5ms)
Completed 200 OK in 19ms (Views: 14.5ms | ActiveRecord: 0.1ms)


Started GET "/planets/9" for ::1 at 2020-01-07 16:25:10 +1100
Processing by PlanetsController#show as HTML
  Parameters: {"id"=>"9"}
  [1m[36mPlanet Load (0.1ms)[0m  [1m[34mSELECT  "planets".* FROM "planets" WHERE "planets"."id" = ? LIMIT ?[0m  [["id", 9], ["LIMIT", 1]]
  ↳ app/controllers/planets_controller.rb:41
  Rendering planets/show.html.erb within layouts/application
  Rendered planets/show.html.erb within layouts/application (0.7ms)
Completed 200 OK in 18ms (Views: 13.3ms | ActiveRecord: 0.1ms)


Started GET "/planets/9/edit" for ::1 at 2020-01-07 16:25:14 +1100
Processing by PlanetsController#edit as HTML
  Parameters: {"id"=>"9"}
  [1m[36mPlanet Load (0.2ms)[0m  [1m[34mSELECT  "planets".* FROM "planets" WHERE "planets"."id" = ? LIMIT ?[0m  [["id", 9], ["LIMIT", 1]]
  ↳ app/controllers/planets_controller.rb:51
  Rendering planets/edit.html.erb within layouts/application
  Rendered planets/edit.html.erb within layouts/application (0.8ms)
Completed 200 OK in 20ms (Views: 16.0ms | ActiveRecord: 0.2ms)


Started POST "/planets/9" for ::1 at 2020-01-07 16:25:22 +1100
Processing by PlanetsController#update as HTML
  Parameters: {"name"=>"Mars", "image"=>"https://space-facts.com/wp-content/uploads/mars.jpg", "orbit"=>"3", "diameter"=>"0.1", "mass"=>"0.2", "moons"=>"3", "id"=>"9"}
  [1m[36mPlanet Load (0.6ms)[0m  [1m[34mSELECT  "planets".* FROM "planets" WHERE "planets"."id" = ? LIMIT ?[0m  [["id", 9], ["LIMIT", 1]]
  ↳ app/controllers/planets_controller.rb:59
  [1m[35m (0.1ms)[0m  [1m[36mbegin transaction[0m
  ↳ app/controllers/planets_controller.rb:60
  [1m[36mPlanet Update (0.6ms)[0m  [1m[33mUPDATE "planets" SET "orbit" = ? WHERE "planets"."id" = ?[0m  [["orbit", 3.0], ["id", 9]]
  ↳ app/controllers/planets_controller.rb:60
  [1m[35m (1.1ms)[0m  [1m[36mcommit transaction[0m
  ↳ app/controllers/planets_controller.rb:60
No template found for PlanetsController#update, rendering head :no_content
Completed 204 No Content in 596ms (ActiveRecord: 2.4ms)


Started GET "/planets" for ::1 at 2020-01-07 16:25:26 +1100
Processing by PlanetsController#index as HTML
  Rendering planets/index.html.erb within layouts/application
  [1m[36mPlanet Load (0.2ms)[0m  [1m[34mSELECT "planets".* FROM "planets"[0m
  ↳ app/views/planets/index.html.erb:4
  Rendered planets/index.html.erb within layouts/application (1.9ms)
Completed 200 OK in 21ms (Views: 16.9ms | ActiveRecord: 0.2ms)


Started GET "/planets/9" for ::1 at 2020-01-07 16:25:28 +1100
Processing by PlanetsController#show as HTML
  Parameters: {"id"=>"9"}
  [1m[36mPlanet Load (0.2ms)[0m  [1m[34mSELECT  "planets".* FROM "planets" WHERE "planets"."id" = ? LIMIT ?[0m  [["id", 9], ["LIMIT", 1]]
  ↳ app/controllers/planets_controller.rb:41
  Rendering planets/show.html.erb within layouts/application
  Rendered planets/show.html.erb within layouts/application (0.8ms)
Completed 200 OK in 20ms (Views: 16.0ms | ActiveRecord: 0.2ms)


Started GET "/planets/9" for ::1 at 2020-01-07 16:30:32 +1100
Processing by PlanetsController#show as HTML
  Parameters: {"id"=>"9"}
  [1m[36mPlanet Load (0.4ms)[0m  [1m[34mSELECT  "planets".* FROM "planets" WHERE "planets"."id" = ? LIMIT ?[0m  [["id", 9], ["LIMIT", 1]]
  ↳ app/controllers/planets_controller.rb:41
  Rendering planets/show.html.erb within layouts/application
  Rendered planets/show.html.erb within layouts/application (1.3ms)
Completed 200 OK in 112ms (Views: 80.8ms | ActiveRecord: 0.9ms)


Started GET "/planets" for ::1 at 2020-01-07 16:30:54 +1100
Processing by PlanetsController#index as HTML
  Rendering planets/index.html.erb within layouts/application
  [1m[36mPlanet Load (0.2ms)[0m  [1m[34mSELECT "planets".* FROM "planets"[0m
  ↳ app/views/planets/index.html.erb:4
  Rendered planets/index.html.erb within layouts/application (1.8ms)
Completed 200 OK in 24ms (Views: 19.2ms | ActiveRecord: 0.2ms)


Started GET "/planets/14" for ::1 at 2020-01-07 16:30:59 +1100
Processing by PlanetsController#show as HTML
  Parameters: {"id"=>"14"}
  [1m[36mPlanet Load (0.2ms)[0m  [1m[34mSELECT  "planets".* FROM "planets" WHERE "planets"."id" = ? LIMIT ?[0m  [["id", 14], ["LIMIT", 1]]
  ↳ app/controllers/planets_controller.rb:41
  Rendering planets/show.html.erb within layouts/application
  Rendered planets/show.html.erb within layouts/application (3.7ms)
Completed 500 Internal Server Error in 17ms (ActiveRecord: 0.2ms)


  
ActionView::Template::Error (The asset "sdgs" is not present in the asset pipeline.):
    28: </p>
    29: 
    30: <% if @planet.image.present?  %>
    31: <%= image_tag @planet.image, alt: @planet.name, class:'planet' %>
    32: <% end %>
  
app/views/planets/show.html.erb:31:in `_app_views_planets_show_html_erb___4346513190249985123_70239641094920'
Started GET "/planets/12" for ::1 at 2020-01-07 16:31:11 +1100
Processing by PlanetsController#show as HTML
  Parameters: {"id"=>"12"}
  [1m[36mPlanet Load (0.2ms)[0m  [1m[34mSELECT  "planets".* FROM "planets" WHERE "planets"."id" = ? LIMIT ?[0m  [["id", 12], ["LIMIT", 1]]
  ↳ app/controllers/planets_controller.rb:41
  Rendering planets/show.html.erb within layouts/application
  Rendered planets/show.html.erb within layouts/application (5.4ms)
Completed 500 Internal Server Error in 19ms (ActiveRecord: 0.2ms)


  
ActionView::Template::Error (The asset "sdgs" is not present in the asset pipeline.):
    28: </p>
    29: 
    30: <% if @planet.image.present?  %>
    31: <%= image_tag @planet.image, alt: @planet.name, class:'planet' %>
    32: <% end %>
  
app/views/planets/show.html.erb:31:in `_app_views_planets_show_html_erb___4346513190249985123_70239608062720'
Started GET "/planets/11" for ::1 at 2020-01-07 16:31:14 +1100
Processing by PlanetsController#show as HTML
  Parameters: {"id"=>"11"}
  [1m[36mPlanet Load (0.1ms)[0m  [1m[34mSELECT  "planets".* FROM "planets" WHERE "planets"."id" = ? LIMIT ?[0m  [["id", 11], ["LIMIT", 1]]
  ↳ app/controllers/planets_controller.rb:41
  Rendering planets/show.html.erb within layouts/application
  Rendered planets/show.html.erb within layouts/application (0.9ms)
Completed 200 OK in 18ms (Views: 14.4ms | ActiveRecord: 0.1ms)


Started GET "/planets/15" for ::1 at 2020-01-07 16:31:17 +1100
Processing by PlanetsController#show as HTML
  Parameters: {"id"=>"15"}
  [1m[36mPlanet Load (0.2ms)[0m  [1m[34mSELECT  "planets".* FROM "planets" WHERE "planets"."id" = ? LIMIT ?[0m  [["id", 15], ["LIMIT", 1]]
  ↳ app/controllers/planets_controller.rb:41
  Rendering planets/show.html.erb within layouts/application
  Rendered planets/show.html.erb within layouts/application (3.7ms)
Completed 500 Internal Server Error in 16ms (ActiveRecord: 0.2ms)


  
ActionView::Template::Error (The asset "http" is not present in the asset pipeline.):
    28: </p>
    29: 
    30: <% if @planet.image.present?  %>
    31: <%= image_tag @planet.image, alt: @planet.name, class:'planet' %>
    32: <% end %>
  
app/views/planets/show.html.erb:31:in `_app_views_planets_show_html_erb___4346513190249985123_70239640587480'
Started GET "/planets/16" for ::1 at 2020-01-07 16:31:21 +1100
Processing by PlanetsController#show as HTML
  Parameters: {"id"=>"16"}
  [1m[36mPlanet Load (0.2ms)[0m  [1m[34mSELECT  "planets".* FROM "planets" WHERE "planets"."id" = ? LIMIT ?[0m  [["id", 16], ["LIMIT", 1]]
  ↳ app/controllers/planets_controller.rb:41
  Rendering planets/show.html.erb within layouts/application
  Rendered planets/show.html.erb within layouts/application (6.5ms)
Completed 500 Internal Server Error in 21ms (ActiveRecord: 0.2ms)


  
ActionView::Template::Error (The asset "ndjsi" is not present in the asset pipeline.):
    28: </p>
    29: 
    30: <% if @planet.image.present?  %>
    31: <%= image_tag @planet.image, alt: @planet.name, class:'planet' %>
    32: <% end %>
  
app/views/planets/show.html.erb:31:in `_app_views_planets_show_html_erb___4346513190249985123_70239607508280'
Started GET "/planets/8" for ::1 at 2020-01-07 16:31:35 +1100
Processing by PlanetsController#show as HTML
  Parameters: {"id"=>"8"}
  [1m[36mPlanet Load (0.2ms)[0m  [1m[34mSELECT  "planets".* FROM "planets" WHERE "planets"."id" = ? LIMIT ?[0m  [["id", 8], ["LIMIT", 1]]
  ↳ app/controllers/planets_controller.rb:41
  Rendering planets/show.html.erb within layouts/application
  Rendered planets/show.html.erb within layouts/application (0.9ms)
Completed 200 OK in 23ms (Views: 18.2ms | ActiveRecord: 0.2ms)


Started GET "/planets/8/delete" for ::1 at 2020-01-07 16:34:06 +1100
Processing by PlanetsController#destroy as HTML
  Parameters: {"id"=>"8"}
  [1m[36mPlanet Load (0.1ms)[0m  [1m[34mSELECT  "planets".* FROM "planets" WHERE "planets"."id" = ? LIMIT ?[0m  [["id", 8], ["LIMIT", 1]]
  ↳ app/controllers/planets_controller.rb:77
  [1m[35m (0.1ms)[0m  [1m[36mbegin transaction[0m
  ↳ app/controllers/planets_controller.rb:77
  [1m[36mPlanet Destroy (0.4ms)[0m  [1m[31mDELETE FROM "planets" WHERE "planets"."id" = ?[0m  [["id", 8]]
  ↳ app/controllers/planets_controller.rb:77
  [1m[35m (1.5ms)[0m  [1m[36mcommit transaction[0m
  ↳ app/controllers/planets_controller.rb:77
Redirected to http://localhost:3000/planets
Completed 302 Found in 13ms (ActiveRecord: 2.5ms)


Started GET "/planets" for ::1 at 2020-01-07 16:34:06 +1100
Processing by PlanetsController#index as HTML
  Rendering planets/index.html.erb within layouts/application
  [1m[36mPlanet Load (0.3ms)[0m  [1m[34mSELECT "planets".* FROM "planets"[0m
  ↳ app/views/planets/index.html.erb:4
  Rendered planets/index.html.erb within layouts/application (2.1ms)
Completed 200 OK in 26ms (Views: 22.7ms | ActiveRecord: 0.3ms)


Started GET "/planets/10" for ::1 at 2020-01-07 16:34:11 +1100
Processing by PlanetsController#show as HTML
  Parameters: {"id"=>"10"}
  [1m[36mPlanet Load (0.2ms)[0m  [1m[34mSELECT  "planets".* FROM "planets" WHERE "planets"."id" = ? LIMIT ?[0m  [["id", 10], ["LIMIT", 1]]
  ↳ app/controllers/planets_controller.rb:41
  Rendering planets/show.html.erb within layouts/application
  Rendered planets/show.html.erb within layouts/application (0.8ms)
Completed 200 OK in 20ms (Views: 15.8ms | ActiveRecord: 0.2ms)


Started GET "/planets/10/delete" for ::1 at 2020-01-07 16:34:12 +1100
Processing by PlanetsController#destroy as HTML
  Parameters: {"id"=>"10"}
  [1m[36mPlanet Load (0.2ms)[0m  [1m[34mSELECT  "planets".* FROM "planets" WHERE "planets"."id" = ? LIMIT ?[0m  [["id", 10], ["LIMIT", 1]]
  ↳ app/controllers/planets_controller.rb:77
  [1m[35m (0.0ms)[0m  [1m[36mbegin transaction[0m
  ↳ app/controllers/planets_controller.rb:77
  [1m[36mPlanet Destroy (0.6ms)[0m  [1m[31mDELETE FROM "planets" WHERE "planets"."id" = ?[0m  [["id", 10]]
  ↳ app/controllers/planets_controller.rb:77
  [1m[35m (0.9ms)[0m  [1m[36mcommit transaction[0m
  ↳ app/controllers/planets_controller.rb:77
Redirected to http://localhost:3000/planets
Completed 302 Found in 4ms (ActiveRecord: 1.7ms)


Started GET "/planets" for ::1 at 2020-01-07 16:34:12 +1100
Processing by PlanetsController#index as HTML
  Rendering planets/index.html.erb within layouts/application
  [1m[36mPlanet Load (0.1ms)[0m  [1m[34mSELECT "planets".* FROM "planets"[0m
  ↳ app/views/planets/index.html.erb:4
  Rendered planets/index.html.erb within layouts/application (1.6ms)
Completed 200 OK in 17ms (Views: 14.6ms | ActiveRecord: 0.1ms)


Started GET "/planets" for ::1 at 2020-01-07 16:34:20 +1100
Processing by PlanetsController#index as HTML
  Rendering planets/index.html.erb within layouts/application
  [1m[36mPlanet Load (0.2ms)[0m  [1m[34mSELECT "planets".* FROM "planets"[0m
  ↳ app/views/planets/index.html.erb:4
  Rendered planets/index.html.erb within layouts/application (2.0ms)
Completed 200 OK in 23ms (Views: 18.8ms | ActiveRecord: 0.2ms)


Started GET "/planets/12" for ::1 at 2020-01-07 16:34:22 +1100
Processing by PlanetsController#show as HTML
  Parameters: {"id"=>"12"}
  [1m[36mPlanet Load (0.2ms)[0m  [1m[34mSELECT  "planets".* FROM "planets" WHERE "planets"."id" = ? LIMIT ?[0m  [["id", 12], ["LIMIT", 1]]
  ↳ app/controllers/planets_controller.rb:41
  Rendering planets/show.html.erb within layouts/application
  Rendered planets/show.html.erb within layouts/application (8.9ms)
Completed 500 Internal Server Error in 20ms (ActiveRecord: 0.2ms)


  
ActionView::Template::Error (The asset "sdgs" is not present in the asset pipeline.):
    28: </p>
    29: 
    30: <% if @planet.image.present?  %>
    31: <%= image_tag @planet.image, alt: @planet.name, class:'planet' %>
    32: <% end %>
  
app/views/planets/show.html.erb:31:in `_app_views_planets_show_html_erb___4346513190249985123_70239640853820'
Started GET "/planets/16" for ::1 at 2020-01-07 16:34:26 +1100
Processing by PlanetsController#show as HTML
  Parameters: {"id"=>"16"}
  [1m[36mPlanet Load (0.1ms)[0m  [1m[34mSELECT  "planets".* FROM "planets" WHERE "planets"."id" = ? LIMIT ?[0m  [["id", 16], ["LIMIT", 1]]
  ↳ app/controllers/planets_controller.rb:41
  Rendering planets/show.html.erb within layouts/application
  Rendered planets/show.html.erb within layouts/application (6.1ms)
Completed 500 Internal Server Error in 18ms (ActiveRecord: 0.1ms)


  
ActionView::Template::Error (The asset "ndjsi" is not present in the asset pipeline.):
    28: </p>
    29: 
    30: <% if @planet.image.present?  %>
    31: <%= image_tag @planet.image, alt: @planet.name, class:'planet' %>
    32: <% end %>
  
app/views/planets/show.html.erb:31:in `_app_views_planets_show_html_erb___4346513190249985123_70239601509080'
Started GET "/planets/16" for ::1 at 2020-01-07 16:34:41 +1100
Processing by PlanetsController#show as HTML
  Parameters: {"id"=>"16"}
  [1m[36mPlanet Load (0.2ms)[0m  [1m[34mSELECT  "planets".* FROM "planets" WHERE "planets"."id" = ? LIMIT ?[0m  [["id", 16], ["LIMIT", 1]]
  ↳ app/controllers/planets_controller.rb:41
  Rendering planets/show.html.erb within layouts/application
  Rendered planets/show.html.erb within layouts/application (4.3ms)
Completed 500 Internal Server Error in 21ms (ActiveRecord: 0.2ms)


  
ActionView::Template::Error (The asset "ndjsi" is not present in the asset pipeline.):
    28: </p>
    29: 
    30: <% if @planet.image.present?  %>
    31: <%= image_tag @planet.image, alt: @planet.name, class:'planet' %>
    32: <% end %>
  
app/views/planets/show.html.erb:31:in `_app_views_planets_show_html_erb___4346513190249985123_70239622392240'
Started GET "/planets/15" for ::1 at 2020-01-07 16:34:58 +1100
Processing by PlanetsController#show as HTML
  Parameters: {"id"=>"15"}
  [1m[36mPlanet Load (0.2ms)[0m  [1m[34mSELECT  "planets".* FROM "planets" WHERE "planets"."id" = ? LIMIT ?[0m  [["id", 15], ["LIMIT", 1]]
  ↳ app/controllers/planets_controller.rb:41
  Rendering planets/show.html.erb within layouts/application
  Rendered planets/show.html.erb within layouts/application (6.0ms)
Completed 500 Internal Server Error in 23ms (ActiveRecord: 0.2ms)


  
ActionView::Template::Error (The asset "http" is not present in the asset pipeline.):
    28: </p>
    29: 
    30: <% if @planet.image.present?  %>
    31: <%= image_tag @planet.image, alt: @planet.name, class:'planet' %>
    32: <% end %>
  
app/views/planets/show.html.erb:31:in `_app_views_planets_show_html_erb___4346513190249985123_70239621358260'
Started GET "/planets/16" for ::1 at 2020-01-07 16:36:12 +1100
Processing by PlanetsController#show as HTML
  Parameters: {"id"=>"16"}
  [1m[36mPlanet Load (0.2ms)[0m  [1m[34mSELECT  "planets".* FROM "planets" WHERE "planets"."id" = ? LIMIT ?[0m  [["id", 16], ["LIMIT", 1]]
  ↳ app/controllers/planets_controller.rb:41
  Rendering planets/show.html.erb within layouts/application
  Rendered planets/show.html.erb within layouts/application (5.1ms)
Completed 500 Internal Server Error in 20ms (ActiveRecord: 0.2ms)


  
ActionView::Template::Error (The asset "ndjsi" is not present in the asset pipeline.):
    28: </p>
    29: 
    30: <% if @planet.image.present?  %>
    31: <%= image_tag @planet.image, alt: @planet.name, class:'planet' %>
    32: <% end %>
  
app/views/planets/show.html.erb:31:in `_app_views_planets_show_html_erb___4346513190249985123_70239599310600'
Started GET "/planets/13" for ::1 at 2020-01-07 16:37:01 +1100
Processing by PlanetsController#show as HTML
  Parameters: {"id"=>"13"}
  [1m[36mPlanet Load (0.4ms)[0m  [1m[34mSELECT  "planets".* FROM "planets" WHERE "planets"."id" = ? LIMIT ?[0m  [["id", 13], ["LIMIT", 1]]
  ↳ app/controllers/planets_controller.rb:41
  Rendering planets/show.html.erb within layouts/application
  Rendered planets/show.html.erb within layouts/application (5.2ms)
Completed 500 Internal Server Error in 24ms (ActiveRecord: 0.4ms)


  
ActionView::Template::Error (The asset "sdgs" is not present in the asset pipeline.):
    28: </p>
    29: 
    30: <% if @planet.image.present?  %>
    31: <%= image_tag @planet.image, alt: @planet.name, class:'planet' %>
    32: <% end %>
  
app/views/planets/show.html.erb:31:in `_app_views_planets_show_html_erb___4346513190249985123_70239595266820'
  [1m[35m (0.3ms)[0m  [1m[34mSELECT "schema_migrations"."version" FROM "schema_migrations" ORDER BY "schema_migrations"."version" ASC[0m
  ↳ bin/rails:4
  [1m[36mPlanet Load (0.3ms)[0m  [1m[34mSELECT "planets".* FROM "planets"[0m
  ↳ db/seeds.rb:13
  [1m[35m (0.1ms)[0m  [1m[36mbegin transaction[0m
  ↳ db/seeds.rb:13
  [1m[36mPlanet Destroy (0.7ms)[0m  [1m[31mDELETE FROM "planets" WHERE "planets"."id" = ?[0m  [["id", 9]]
  ↳ db/seeds.rb:13
  [1m[35m (1.6ms)[0m  [1m[36mcommit transaction[0m
  ↳ db/seeds.rb:13
  [1m[35m (0.1ms)[0m  [1m[36mbegin transaction[0m
  ↳ db/seeds.rb:13
  [1m[36mPlanet Destroy (0.3ms)[0m  [1m[31mDELETE FROM "planets" WHERE "planets"."id" = ?[0m  [["id", 11]]
  ↳ db/seeds.rb:13
  [1m[35m (0.9ms)[0m  [1m[36mcommit transaction[0m
  ↳ db/seeds.rb:13
  [1m[35m (0.0ms)[0m  [1m[36mbegin transaction[0m
  ↳ db/seeds.rb:13
  [1m[36mPlanet Destroy (0.3ms)[0m  [1m[31mDELETE FROM "planets" WHERE "planets"."id" = ?[0m  [["id", 12]]
  ↳ db/seeds.rb:13
  [1m[35m (0.7ms)[0m  [1m[36mcommit transaction[0m
  ↳ db/seeds.rb:13
  [1m[35m (0.0ms)[0m  [1m[36mbegin transaction[0m
  ↳ db/seeds.rb:13
  [1m[36mPlanet Destroy (0.3ms)[0m  [1m[31mDELETE FROM "planets" WHERE "planets"."id" = ?[0m  [["id", 13]]
  ↳ db/seeds.rb:13
  [1m[35m (0.7ms)[0m  [1m[36mcommit transaction[0m
  ↳ db/seeds.rb:13
  [1m[35m (0.0ms)[0m  [1m[36mbegin transaction[0m
  ↳ db/seeds.rb:13
  [1m[36mPlanet Destroy (0.4ms)[0m  [1m[31mDELETE FROM "planets" WHERE "planets"."id" = ?[0m  [["id", 14]]
  ↳ db/seeds.rb:13
  [1m[35m (0.9ms)[0m  [1m[36mcommit transaction[0m
  ↳ db/seeds.rb:13
  [1m[35m (0.0ms)[0m  [1m[36mbegin transaction[0m
  ↳ db/seeds.rb:13
  [1m[36mPlanet Destroy (0.6ms)[0m  [1m[31mDELETE FROM "planets" WHERE "planets"."id" = ?[0m  [["id", 15]]
  ↳ db/seeds.rb:13
  [1m[35m (1.1ms)[0m  [1m[36mcommit transaction[0m
  ↳ db/seeds.rb:13
  [1m[35m (0.1ms)[0m  [1m[36mbegin transaction[0m
  ↳ db/seeds.rb:13
  [1m[36mPlanet Destroy (0.4ms)[0m  [1m[31mDELETE FROM "planets" WHERE "planets"."id" = ?[0m  [["id", 16]]
  ↳ db/seeds.rb:13
  [1m[35m (0.9ms)[0m  [1m[36mcommit transaction[0m
  ↳ db/seeds.rb:13
  [1m[35m (0.6ms)[0m  [1m[36mbegin transaction[0m
  ↳ db/seeds.rb:17
  [1m[36mPlanet Create (0.7ms)[0m  [1m[32mINSERT INTO "planets" ("name", "image", "orbit", "diameter", "mass", "moons") VALUES (?, ?, ?, ?, ?, ?)[0m  [["name", "Earth"], ["image", "https://scitechdaily.com/images/earth-losing-mass.jpg"], ["orbit", 1.0], ["diameter", 1.0], ["mass", 1.0], ["moons", 1]]
  ↳ db/seeds.rb:17
  [1m[35m (1.3ms)[0m  [1m[36mcommit transaction[0m
  ↳ db/seeds.rb:17
  [1m[35m (0.1ms)[0m  [1m[36mbegin transaction[0m
  ↳ db/seeds.rb:19
  [1m[36mPlanet Create (2.2ms)[0m  [1m[32mINSERT INTO "planets" ("name", "image", "orbit", "diameter", "mass", "moons") VALUES (?, ?, ?, ?, ?, ?)[0m  [["name", "Mars"], ["image", "https://space-facts.com/wp-content/uploads/mars.jpg"], ["orbit", 687.0], ["diameter", 0.1], ["mass", 0.2], ["moons", 3]]
  ↳ db/seeds.rb:19
  [1m[35m (1.2ms)[0m  [1m[36mcommit transaction[0m
  ↳ db/seeds.rb:19
  [1m[35m (0.1ms)[0m  [1m[36mbegin transaction[0m
  ↳ db/seeds.rb:21
  [1m[36mPlanet Create (0.7ms)[0m  [1m[32mINSERT INTO "planets" ("name", "image", "orbit", "diameter", "mass", "moons") VALUES (?, ?, ?, ?, ?, ?)[0m  [["name", "Venus"], ["image", "https://cdn.mos.cms.futurecdn.net/pNX8eVGowB6WT8tyrTMufk-1200-80.jpg"], ["orbit", 0.5], ["diameter", 0.5], ["mass", 0.5], ["moons", 2]]
  ↳ db/seeds.rb:21
  [1m[35m (1.4ms)[0m  [1m[36mcommit transaction[0m
  ↳ db/seeds.rb:21
  [1m[35m (0.1ms)[0m  [1m[36mbegin transaction[0m
  ↳ db/seeds.rb:23
  [1m[36mPlanet Create (0.6ms)[0m  [1m[32mINSERT INTO "planets" ("name", "image", "orbit", "diameter", "mass", "moons") VALUES (?, ?, ?, ?, ?, ?)[0m  [["name", "Jupiter"], ["image", "http://cdn.sci-news.com/images/enlarge4/image_5608_2e-Jupiter.jpg"], ["orbit", 800.0], ["diameter", 500.0], ["mass", 10000.0], ["moons", 13]]
  ↳ db/seeds.rb:23
  [1m[35m (3.9ms)[0m  [1m[36mcommit transaction[0m
  ↳ db/seeds.rb:23
  [1m[35m (0.3ms)[0m  [1m[34mSELECT COUNT(*) FROM "planets"[0m
  ↳ db/seeds.rb:25
  [1m[35m (0.2ms)[0m  [1m[34mSELECT "planets"."name" FROM "planets"[0m
  ↳ db/seeds.rb:26
Started GET "/planets" for ::1 at 2020-01-07 16:37:35 +1100
Processing by PlanetsController#index as HTML
  Rendering planets/index.html.erb within layouts/application
  [1m[36mPlanet Load (0.4ms)[0m  [1m[34mSELECT "planets".* FROM "planets"[0m
  ↳ app/views/planets/index.html.erb:4
  Rendered planets/index.html.erb within layouts/application (2.6ms)
Completed 200 OK in 35ms (Views: 26.4ms | ActiveRecord: 0.4ms)


Started GET "/planets/20" for ::1 at 2020-01-07 16:37:37 +1100
Processing by PlanetsController#show as HTML
  Parameters: {"id"=>"20"}
  [1m[36mPlanet Load (0.2ms)[0m  [1m[34mSELECT  "planets".* FROM "planets" WHERE "planets"."id" = ? LIMIT ?[0m  [["id", 20], ["LIMIT", 1]]
  ↳ app/controllers/planets_controller.rb:41
  Rendering planets/show.html.erb within layouts/application
  Rendered planets/show.html.erb within layouts/application (0.8ms)
Completed 200 OK in 27ms (Views: 18.5ms | ActiveRecord: 0.2ms)


Started GET "/planets/20/delete" for ::1 at 2020-01-07 16:37:39 +1100
Processing by PlanetsController#destroy as HTML
  Parameters: {"id"=>"20"}
  [1m[36mPlanet Load (0.2ms)[0m  [1m[34mSELECT  "planets".* FROM "planets" WHERE "planets"."id" = ? LIMIT ?[0m  [["id", 20], ["LIMIT", 1]]
  ↳ app/controllers/planets_controller.rb:77
  [1m[35m (0.1ms)[0m  [1m[36mbegin transaction[0m
  ↳ app/controllers/planets_controller.rb:77
  [1m[36mPlanet Destroy (0.6ms)[0m  [1m[31mDELETE FROM "planets" WHERE "planets"."id" = ?[0m  [["id", 20]]
  ↳ app/controllers/planets_controller.rb:77
  [1m[35m (2.5ms)[0m  [1m[36mcommit transaction[0m
  ↳ app/controllers/planets_controller.rb:77
Redirected to http://localhost:3000/planets
Completed 302 Found in 10ms (ActiveRecord: 3.3ms)


Started GET "/planets" for ::1 at 2020-01-07 16:37:39 +1100
Processing by PlanetsController#index as HTML
  Rendering planets/index.html.erb within layouts/application
  [1m[36mPlanet Load (0.3ms)[0m  [1m[34mSELECT "planets".* FROM "planets"[0m
  ↳ app/views/planets/index.html.erb:4
  Rendered planets/index.html.erb within layouts/application (4.6ms)
Completed 200 OK in 44ms (Views: 38.4ms | ActiveRecord: 0.3ms)


Started GET "/rails/info/routes" for ::1 at 2020-01-07 16:38:03 +1100
Processing by Rails::InfoController#routes as HTML
  Rendering /Users/jamiemcneill/.rvm/gems/ruby-2.4.1/gems/railties-5.2.4.1/lib/rails/templates/rails/info/routes.html.erb within layouts/application
  Rendered collection of /Users/jamiemcneill/.rvm/gems/ruby-2.4.1/gems/actionpack-5.2.4.1/lib/action_dispatch/middleware/templates/routes/_route.html.erb [7 times] (2.6ms)
  Rendered /Users/jamiemcneill/.rvm/gems/ruby-2.4.1/gems/actionpack-5.2.4.1/lib/action_dispatch/middleware/templates/routes/_table.html.erb (1.6ms)
  Rendered /Users/jamiemcneill/.rvm/gems/ruby-2.4.1/gems/railties-5.2.4.1/lib/rails/templates/rails/info/routes.html.erb within layouts/application (11.6ms)
Completed 200 OK in 40ms (Views: 24.9ms | ActiveRecord: 0.0ms)


